#
# There is insufficient memory for the Java Runtime Environment to continue.
# Native memory allocation (malloc) failed to allocate 32744 bytes for ChunkPool::allocate
# Possible reasons:
#   The system is out of physical RAM or swap space
#   The process is running with CompressedOops enabled, and the Java Heap may be blocking the growth of the native heap
# Possible solutions:
#   Reduce memory load on the system
#   Increase physical memory or swap space
#   Check if swap backing store is full
#   Decrease Java heap size (-Xmx/-Xms)
#   Decrease number of Java threads
#   Decrease Java thread stack sizes (-Xss)
#   Set larger code cache with -XX:ReservedCodeCacheSize=
#
#  , tid=13452
#
# JRE version: Java(TM) SE Runtime Environment (17.0.12+8) (build 17.0.12+8-LTS-286)
# Java VM: Java HotSpot(TM) 64-Bit Server VM (17.0.12+8-LTS-286, mixed mode, sharing, tiered, compressed oops, compressed class ptrs, g1 gc, windows-amd64)
# No core dump will be written. Minidumps are not enabled by default on client versions of Windows
#

---------------  S U M M A R Y ------------

Command Line: -Xmx64m -Xms64m -Dorg.gradle.appname=gradlew org.gradle.wrapper.GradleWrapperMain bundleRelease

Host: Intel(R) Core(TM) i7-8700 CPU @ 3.20GHz, 12 cores, 63G,  Windows 10 , 64 bit Build 19041 (10.0.19041.1023)
Time: Mon Jun  9 19:24:30 2025 Turkey Standard Time elapsed time: 92.858108 seconds (0d 0h 1m 32s)

---------------  T H R E A D  ---------------

Current thread (0x0000021f7c8312f0):  JavaThread "C1 CompilerThread0" daemon [_thread_in_native, id=13452, stack(0x0000003b8dd00000,0x0000003b8de00000)]


Current CompileTask:
C1:  92858 1776       3      
[error occurred during error reporting (printing current compile task), id 0xe0000001, Out of Memory Error (s\open\src\hotspot\share\memory\arena.cpp:78)]

Stack: [0x0000003b8dd00000,0x0000003b8de00000]
Native frames: (J=compiled Java code, j=interpreted, Vv=VM code, C=native code)
V  [jvm.dll+0x67a04a]
V  [jvm.dll+0x7da4ed]
V  [jvm.dll+0x7dbe33]
V  [jvm.dll+0x7dc4a3]
V  [jvm.dll+0x24508f]
V  [jvm.dll+0xab9a4]
V  [jvm.dll+0xabd3c]
V  [jvm.dll+0x74786c]
V  [jvm.dll+0x747959]
V  [jvm.dll+0x62f9e9]
V  [jvm.dll+0x22b4b6]
V  [jvm.dll+0x7da388]
V  [jvm.dll+0x7dbe33]
V  [jvm.dll+0x7dc4a3]
V  [jvm.dll+0x24508f]
V  [jvm.dll+0xab9a4]
V  [jvm.dll+0xabd3c]
V  [jvm.dll+0x16d650]
V  [jvm.dll+0x16326e]
V  [jvm.dll+0x15e16e]
V  [jvm.dll+0x14c490]
V  [jvm.dll+0x1355a7]
V  [jvm.dll+0x134eff]
V  [jvm.dll+0x135148]
V  [jvm.dll+0x1345d1]
V  [jvm.dll+0x1362bd]
V  [jvm.dll+0x22610b]
V  [jvm.dll+0x2242ab]
V  [jvm.dll+0x79075c]
V  [jvm.dll+0x78abea]
V  [jvm.dll+0x678f35]
C  [ucrtbase.dll+0x21bb2]
C  [KERNEL32.DLL+0x17034]
C  [ntdll.dll+0x52651]


---------------  P R O C E S S  ---------------

Threads class SMR info:
_java_thread_list=0x0000021f7ddd0850, length=15, elements={
0x0000021f62c43390, 0x0000021f62d14050, 0x0000021f62d14de0, 0x0000021f7c828ea0,
0x0000021f7c829970, 0x0000021f7c82c250, 0x0000021f7c82cb20, 0x0000021f7c82dbe0,
0x0000021f7c8312f0, 0x0000021f7c8323e0, 0x0000021f7ca91a40, 0x0000021f7ca94b00,
0x0000021f7dba5250, 0x0000021f7d905240, 0x0000021f7e19a930
}

Java Threads: ( => current thread )
  0x0000021f62c43390 JavaThread "main" [_thread_in_native, id=55876, stack(0x0000003b8cf00000,0x0000003b8d000000)]
  0x0000021f62d14050 JavaThread "Reference Handler" daemon [_thread_blocked, id=7060, stack(0x0000003b8d600000,0x0000003b8d700000)]
  0x0000021f62d14de0 JavaThread "Finalizer" daemon [_thread_blocked, id=48824, stack(0x0000003b8d700000,0x0000003b8d800000)]
  0x0000021f7c828ea0 JavaThread "Signal Dispatcher" daemon [_thread_blocked, id=43780, stack(0x0000003b8d800000,0x0000003b8d900000)]
  0x0000021f7c829970 JavaThread "Attach Listener" daemon [_thread_blocked, id=19924, stack(0x0000003b8d900000,0x0000003b8da00000)]
  0x0000021f7c82c250 JavaThread "Service Thread" daemon [_thread_blocked, id=47436, stack(0x0000003b8da00000,0x0000003b8db00000)]
  0x0000021f7c82cb20 JavaThread "Monitor Deflation Thread" daemon [_thread_blocked, id=51616, stack(0x0000003b8db00000,0x0000003b8dc00000)]
  0x0000021f7c82dbe0 JavaThread "C2 CompilerThread0" daemon [_thread_in_native, id=27420, stack(0x0000003b8dc00000,0x0000003b8dd00000)]
=>0x0000021f7c8312f0 JavaThread "C1 CompilerThread0" daemon [_thread_in_native, id=13452, stack(0x0000003b8dd00000,0x0000003b8de00000)]
  0x0000021f7c8323e0 JavaThread "Sweeper thread" daemon [_thread_blocked, id=56924, stack(0x0000003b8de00000,0x0000003b8df00000)]
  0x0000021f7ca91a40 JavaThread "Notification Thread" daemon [_thread_blocked, id=2308, stack(0x0000003b8df00000,0x0000003b8e000000)]
  0x0000021f7ca94b00 JavaThread "Common-Cleaner" daemon [_thread_blocked, id=41756, stack(0x0000003b8e100000,0x0000003b8e200000)]
  0x0000021f7dba5250 JavaThread "pool-1-thread-1" [_thread_blocked, id=57116, stack(0x0000003b8f580000,0x0000003b8f680000)]
  0x0000021f7d905240 JavaThread "DisconnectableInputStream source reader" daemon [_thread_in_native, id=55744, stack(0x0000003b8f680000,0x0000003b8f780000)]
  0x0000021f7e19a930 JavaThread "Forward input" [_thread_blocked, id=55272, stack(0x0000003b8f780000,0x0000003b8f880000)]

Other Threads:
  0x0000021f62d0d520 VMThread "VM Thread" [stack: 0x0000003b8d500000,0x0000003b8d600000] [id=46204]
  0x0000021f7ca2e170 WatcherThread [stack: 0x0000003b8e000000,0x0000003b8e100000] [id=32228]
  0x0000021f62c63440 GCTaskThread "GC Thread#0" [stack: 0x0000003b8d000000,0x0000003b8d100000] [id=32048]
  0x0000021f7d8253d0 GCTaskThread "GC Thread#1" [stack: 0x0000003b8f180000,0x0000003b8f280000] [id=27440]
  0x0000021f7e06b610 GCTaskThread "GC Thread#2" [stack: 0x0000003b8f280000,0x0000003b8f380000] [id=55072]
  0x0000021f7e1fbcf0 GCTaskThread "GC Thread#3" [stack: 0x0000003b8f380000,0x0000003b8f480000] [id=7036]
  0x0000021f7e0273b0 GCTaskThread "GC Thread#4" [stack: 0x0000003b8f480000,0x0000003b8f580000] [id=14276]
  0x0000021f62c68ae0 ConcurrentGCThread "G1 Main Marker" [stack: 0x0000003b8d100000,0x0000003b8d200000] [id=1964]
  0x0000021f62c6a410 ConcurrentGCThread "G1 Conc#0" [stack: 0x0000003b8d200000,0x0000003b8d300000] [id=52092]
  0x0000021f62cefb70 ConcurrentGCThread "G1 Refine#0" [stack: 0x0000003b8d300000,0x0000003b8d400000] [id=49068]
  0x0000021f62cf04b0 ConcurrentGCThread "G1 Service" [stack: 0x0000003b8d400000,0x0000003b8d500000] [id=47592]

Threads with active compile tasks:
C2 CompilerThread0    92876 1777       4       org.fusesource.jansi.Ansi::flushAttributes (94 bytes)
C1 CompilerThread0    92876 1776       3       org.gradle.internal.logging.console.DefaultRedrawableLabel::redrawText (102 bytes)

VM state: not at safepoint (normal execution)

VM Mutex/Monitor currently owned by a thread: None

Heap address: 0x00000000fc000000, size: 64 MB, Compressed Oops mode: 32-bit

CDS archive(s) mapped at: [0x0000021f00000000-0x0000021f00bd0000-0x0000021f00bd0000), size 12386304, SharedBaseAddress: 0x0000021f00000000, ArchiveRelocationMode: 1.
Compressed class space mapped at: 0x0000021f01000000-0x0000021f41000000, reserved size: 1073741824
Narrow klass base: 0x0000021f00000000, Narrow klass shift: 0, Narrow klass range: 0x100000000

GC Precious Log:
 CPUs: 12 total, 12 available
 Memory: 65406M
 Large Page Support: Disabled
 NUMA Support: Disabled
 Compressed Oops: Enabled (32-bit)
 Heap Region Size: 1M
 Heap Min Capacity: 64M
 Heap Initial Capacity: 64M
 Heap Max Capacity: 64M
 Pre-touch: Disabled
 Parallel Workers: 10
 Concurrent Workers: 3
 Concurrent Refinement Workers: 10
 Periodic GC: Disabled

Heap:
 garbage-first heap   total 65536K, used 31440K [0x00000000fc000000, 0x0000000100000000)
  region size 1024K, 24 young (24576K), 3 survivors (3072K)
 Metaspace       used 9451K, committed 9664K, reserved 1114112K
  class space    used 1229K, committed 1344K, reserved 1048576K

Heap Regions: E=young(eden), S=young(survivor), O=old, HS=humongous(starts), HC=humongous(continues), CS=collection set, F=free, OA=open archive, CA=closed archive, TAMS=top-at-mark-start (previous, next)
|   0|0x00000000fc000000, 0x00000000fc100000, 0x00000000fc100000|100%|HS|  |TAMS 0x00000000fc000000, 0x00000000fc000000| Complete 
|   1|0x00000000fc100000, 0x00000000fc200000, 0x00000000fc200000|100%|HC|  |TAMS 0x00000000fc100000, 0x00000000fc100000| Complete 
|   2|0x00000000fc200000, 0x00000000fc300000, 0x00000000fc300000|100%|HC|  |TAMS 0x00000000fc200000, 0x00000000fc200000| Complete 
|   3|0x00000000fc300000, 0x00000000fc400000, 0x00000000fc400000|100%|HC|  |TAMS 0x00000000fc300000, 0x00000000fc300000| Complete 
|   4|0x00000000fc400000, 0x00000000fc500000, 0x00000000fc500000|100%| O|  |TAMS 0x00000000fc400000, 0x00000000fc400000| Untracked 
|   5|0x00000000fc500000, 0x00000000fc600000, 0x00000000fc600000|100%| O|  |TAMS 0x00000000fc500000, 0x00000000fc500000| Untracked 
|   6|0x00000000fc600000, 0x00000000fc700000, 0x00000000fc700000|100%| O|  |TAMS 0x00000000fc600000, 0x00000000fc600000| Untracked 
|   7|0x00000000fc700000, 0x00000000fc7b4000, 0x00000000fc800000| 70%| O|  |TAMS 0x00000000fc700000, 0x00000000fc700000| Untracked 
|   8|0x00000000fc800000, 0x00000000fc800000, 0x00000000fc900000|  0%| F|  |TAMS 0x00000000fc800000, 0x00000000fc800000| Untracked 
|   9|0x00000000fc900000, 0x00000000fc900000, 0x00000000fca00000|  0%| F|  |TAMS 0x00000000fc900000, 0x00000000fc900000| Untracked 
|  10|0x00000000fca00000, 0x00000000fca00000, 0x00000000fcb00000|  0%| F|  |TAMS 0x00000000fca00000, 0x00000000fca00000| Untracked 
|  11|0x00000000fcb00000, 0x00000000fcb00000, 0x00000000fcc00000|  0%| F|  |TAMS 0x00000000fcb00000, 0x00000000fcb00000| Untracked 
|  12|0x00000000fcc00000, 0x00000000fcc00000, 0x00000000fcd00000|  0%| F|  |TAMS 0x00000000fcc00000, 0x00000000fcc00000| Untracked 
|  13|0x00000000fcd00000, 0x00000000fcd00000, 0x00000000fce00000|  0%| F|  |TAMS 0x00000000fcd00000, 0x00000000fcd00000| Untracked 
|  14|0x00000000fce00000, 0x00000000fce00000, 0x00000000fcf00000|  0%| F|  |TAMS 0x00000000fce00000, 0x00000000fce00000| Untracked 
|  15|0x00000000fcf00000, 0x00000000fcf00000, 0x00000000fd000000|  0%| F|  |TAMS 0x00000000fcf00000, 0x00000000fcf00000| Untracked 
|  16|0x00000000fd000000, 0x00000000fd000000, 0x00000000fd100000|  0%| F|  |TAMS 0x00000000fd000000, 0x00000000fd000000| Untracked 
|  17|0x00000000fd100000, 0x00000000fd100000, 0x00000000fd200000|  0%| F|  |TAMS 0x00000000fd100000, 0x00000000fd100000| Untracked 
|  18|0x00000000fd200000, 0x00000000fd200000, 0x00000000fd300000|  0%| F|  |TAMS 0x00000000fd200000, 0x00000000fd200000| Untracked 
|  19|0x00000000fd300000, 0x00000000fd300000, 0x00000000fd400000|  0%| F|  |TAMS 0x00000000fd300000, 0x00000000fd300000| Untracked 
|  20|0x00000000fd400000, 0x00000000fd400000, 0x00000000fd500000|  0%| F|  |TAMS 0x00000000fd400000, 0x00000000fd400000| Untracked 
|  21|0x00000000fd500000, 0x00000000fd500000, 0x00000000fd600000|  0%| F|  |TAMS 0x00000000fd500000, 0x00000000fd500000| Untracked 
|  22|0x00000000fd600000, 0x00000000fd600000, 0x00000000fd700000|  0%| F|  |TAMS 0x00000000fd600000, 0x00000000fd600000| Untracked 
|  23|0x00000000fd700000, 0x00000000fd700000, 0x00000000fd800000|  0%| F|  |TAMS 0x00000000fd700000, 0x00000000fd700000| Untracked 
|  24|0x00000000fd800000, 0x00000000fd800000, 0x00000000fd900000|  0%| F|  |TAMS 0x00000000fd800000, 0x00000000fd800000| Untracked 
|  25|0x00000000fd900000, 0x00000000fd900000, 0x00000000fda00000|  0%| F|  |TAMS 0x00000000fd900000, 0x00000000fd900000| Untracked 
|  26|0x00000000fda00000, 0x00000000fda00000, 0x00000000fdb00000|  0%| F|  |TAMS 0x00000000fda00000, 0x00000000fda00000| Untracked 
|  27|0x00000000fdb00000, 0x00000000fdb00000, 0x00000000fdc00000|  0%| F|  |TAMS 0x00000000fdb00000, 0x00000000fdb00000| Untracked 
|  28|0x00000000fdc00000, 0x00000000fdc00000, 0x00000000fdd00000|  0%| F|  |TAMS 0x00000000fdc00000, 0x00000000fdc00000| Untracked 
|  29|0x00000000fdd00000, 0x00000000fdd00000, 0x00000000fde00000|  0%| F|  |TAMS 0x00000000fdd00000, 0x00000000fdd00000| Untracked 
|  30|0x00000000fde00000, 0x00000000fde00000, 0x00000000fdf00000|  0%| F|  |TAMS 0x00000000fde00000, 0x00000000fde00000| Untracked 
|  31|0x00000000fdf00000, 0x00000000fdf00000, 0x00000000fe000000|  0%| F|  |TAMS 0x00000000fdf00000, 0x00000000fdf00000| Untracked 
|  32|0x00000000fe000000, 0x00000000fe000000, 0x00000000fe100000|  0%| F|  |TAMS 0x00000000fe000000, 0x00000000fe000000| Untracked 
|  33|0x00000000fe100000, 0x00000000fe100000, 0x00000000fe200000|  0%| F|  |TAMS 0x00000000fe100000, 0x00000000fe100000| Untracked 
|  34|0x00000000fe200000, 0x00000000fe200000, 0x00000000fe300000|  0%| F|  |TAMS 0x00000000fe200000, 0x00000000fe200000| Untracked 
|  35|0x00000000fe300000, 0x00000000fe300000, 0x00000000fe400000|  0%| F|  |TAMS 0x00000000fe300000, 0x00000000fe300000| Untracked 
|  36|0x00000000fe400000, 0x00000000fe400000, 0x00000000fe500000|  0%| F|  |TAMS 0x00000000fe400000, 0x00000000fe400000| Untracked 
|  37|0x00000000fe500000, 0x00000000fe500000, 0x00000000fe600000|  0%| F|  |TAMS 0x00000000fe500000, 0x00000000fe500000| Untracked 
|  38|0x00000000fe600000, 0x00000000fe700000, 0x00000000fe700000|100%| S|CS|TAMS 0x00000000fe600000, 0x00000000fe600000| Complete 
|  39|0x00000000fe700000, 0x00000000fe800000, 0x00000000fe800000|100%| S|CS|TAMS 0x00000000fe700000, 0x00000000fe700000| Complete 
|  40|0x00000000fe800000, 0x00000000fe900000, 0x00000000fe900000|100%| S|CS|TAMS 0x00000000fe800000, 0x00000000fe800000| Complete 
|  41|0x00000000fe900000, 0x00000000fe900000, 0x00000000fea00000|  0%| F|  |TAMS 0x00000000fe900000, 0x00000000fe900000| Untracked 
|  42|0x00000000fea00000, 0x00000000fea00000, 0x00000000feb00000|  0%| F|  |TAMS 0x00000000fea00000, 0x00000000fea00000| Untracked 
|  43|0x00000000feb00000, 0x00000000feb71280, 0x00000000fec00000| 44%| E|  |TAMS 0x00000000feb00000, 0x00000000feb00000| Complete 
|  44|0x00000000fec00000, 0x00000000fed00000, 0x00000000fed00000|100%| E|CS|TAMS 0x00000000fec00000, 0x00000000fec00000| Complete 
|  45|0x00000000fed00000, 0x00000000fee00000, 0x00000000fee00000|100%| E|CS|TAMS 0x00000000fed00000, 0x00000000fed00000| Complete 
|  46|0x00000000fee00000, 0x00000000fef00000, 0x00000000fef00000|100%| E|CS|TAMS 0x00000000fee00000, 0x00000000fee00000| Complete 
|  47|0x00000000fef00000, 0x00000000ff000000, 0x00000000ff000000|100%| E|CS|TAMS 0x00000000fef00000, 0x00000000fef00000| Complete 
|  48|0x00000000ff000000, 0x00000000ff100000, 0x00000000ff100000|100%| E|CS|TAMS 0x00000000ff000000, 0x00000000ff000000| Complete 
|  49|0x00000000ff100000, 0x00000000ff200000, 0x00000000ff200000|100%| E|CS|TAMS 0x00000000ff100000, 0x00000000ff100000| Complete 
|  50|0x00000000ff200000, 0x00000000ff300000, 0x00000000ff300000|100%| E|CS|TAMS 0x00000000ff200000, 0x00000000ff200000| Complete 
|  51|0x00000000ff300000, 0x00000000ff400000, 0x00000000ff400000|100%| E|CS|TAMS 0x00000000ff300000, 0x00000000ff300000| Complete 
|  52|0x00000000ff400000, 0x00000000ff500000, 0x00000000ff500000|100%| E|CS|TAMS 0x00000000ff400000, 0x00000000ff400000| Complete 
|  53|0x00000000ff500000, 0x00000000ff600000, 0x00000000ff600000|100%| E|CS|TAMS 0x00000000ff500000, 0x00000000ff500000| Complete 
|  54|0x00000000ff600000, 0x00000000ff700000, 0x00000000ff700000|100%| E|CS|TAMS 0x00000000ff600000, 0x00000000ff600000| Complete 
|  55|0x00000000ff700000, 0x00000000ff800000, 0x00000000ff800000|100%| E|CS|TAMS 0x00000000ff700000, 0x00000000ff700000| Complete 
|  56|0x00000000ff800000, 0x00000000ff900000, 0x00000000ff900000|100%| E|CS|TAMS 0x00000000ff800000, 0x00000000ff800000| Complete 
|  57|0x00000000ff900000, 0x00000000ffa00000, 0x00000000ffa00000|100%| E|CS|TAMS 0x00000000ff900000, 0x00000000ff900000| Complete 
|  58|0x00000000ffa00000, 0x00000000ffb00000, 0x00000000ffb00000|100%| E|CS|TAMS 0x00000000ffa00000, 0x00000000ffa00000| Complete 
|  59|0x00000000ffb00000, 0x00000000ffc00000, 0x00000000ffc00000|100%| E|CS|TAMS 0x00000000ffb00000, 0x00000000ffb00000| Complete 
|  60|0x00000000ffc00000, 0x00000000ffd00000, 0x00000000ffd00000|100%| E|CS|TAMS 0x00000000ffc00000, 0x00000000ffc00000| Complete 
|  61|0x00000000ffd00000, 0x00000000ffe00000, 0x00000000ffe00000|100%| E|CS|TAMS 0x00000000ffd00000, 0x00000000ffd00000| Complete 
|  62|0x00000000ffe00000, 0x00000000fff00000, 0x00000000fff00000|100%| E|CS|TAMS 0x00000000ffe00000, 0x00000000ffe00000| Complete 
|  63|0x00000000fff00000, 0x0000000100000000, 0x0000000100000000|100%| E|CS|TAMS 0x00000000fff00000, 0x00000000fff00000| Complete 

Card table byte_map: [0x0000021f60c30000,0x0000021f60c50000] _byte_map_base: 0x0000021f60450000

Marking Bits (Prev, Next): (CMBitMap*) 0x0000021f62c65990, (CMBitMap*) 0x0000021f62c659d0
 Prev Bits: [0x0000021f79a60000, 0x0000021f79b60000)
 Next Bits: [0x0000021f79b60000, 0x0000021f79c60000)

Polling page: 0x0000021f60be0000

Metaspace:

Usage:
  Non-class:      8.03 MB used.
      Class:      1.20 MB used.
       Both:      9.23 MB used.

Virtual space:
  Non-class space:       64.00 MB reserved,       8.12 MB ( 13%) committed,  1 nodes.
      Class space:        1.00 GB reserved,       1.31 MB ( <1%) committed,  1 nodes.
             Both:        1.06 GB reserved,       9.44 MB ( <1%) committed. 

Chunk freelists:
   Non-Class:  7.70 MB
       Class:  14.60 MB
        Both:  22.30 MB

MaxMetaspaceSize: unlimited
CompressedClassSpaceSize: 1.00 GB
Initial GC threshold: 21.00 MB
Current GC threshold: 21.00 MB
CDS: on
MetaspaceReclaimPolicy: balanced
 - commit_granule_bytes: 65536.
 - commit_granule_words: 8192.
 - virtual_space_node_default_size: 8388608.
 - enlarge_chunks_in_place: 1.
 - new_chunks_are_fully_committed: 0.
 - uncommit_free_chunks: 1.
 - use_allocation_guard: 0.
 - handle_deallocations: 1.


Internal statistics:

num_allocs_failed_limit: 0.
num_arena_births: 78.
num_arena_deaths: 0.
num_vsnodes_births: 2.
num_vsnodes_deaths: 0.
num_space_committed: 151.
num_space_uncommitted: 0.
num_chunks_returned_to_freelist: 0.
num_chunks_taken_from_freelist: 324.
num_chunk_merges: 0.
num_chunk_splits: 224.
num_chunks_enlarged: 184.
num_inconsistent_stats: 0.

CodeHeap 'non-profiled nmethods': size=120000Kb used=662Kb max_used=662Kb free=119337Kb
 bounds [0x0000021f71fe0000, 0x0000021f72250000, 0x0000021f79510000]
CodeHeap 'profiled nmethods': size=120000Kb used=3449Kb max_used=3449Kb free=116550Kb
 bounds [0x0000021f6a510000, 0x0000021f6a870000, 0x0000021f71a40000]
CodeHeap 'non-nmethods': size=5760Kb used=1171Kb max_used=1210Kb free=4588Kb
 bounds [0x0000021f71a40000, 0x0000021f71cb0000, 0x0000021f71fe0000]
 total_blobs=2243 nmethods=1775 adapters=381
 compilation: enabled
              stopped_count=0, restarted_count=0
 full_count=0

Compilation events (20 events):
Event: 76.053 Thread 0x0000021f7c8312f0 1767       3       org.gradle.internal.logging.sink.GroupingProgressLogEventGenerator$OperationGroup::shouldPrintHeader (37 bytes)
Event: 76.053 Thread 0x0000021f7c8312f0 nmethod 1767 0x0000021f6a86bb10 code [0x0000021f6a86bcc0, 0x0000021f6a86c008]
Event: 76.053 Thread 0x0000021f7c8312f0 1768       3       org.gradle.internal.logging.sink.GroupingProgressLogEventGenerator$OperationGroup::statusHasChanged (20 bytes)
Event: 76.053 Thread 0x0000021f7c8312f0 nmethod 1768 0x0000021f6a86c110 code [0x0000021f6a86c2c0, 0x0000021f6a86c468]
Event: 78.354 Thread 0x0000021f7c8312f0 1769       3       org.gradle.internal.logging.console.DefaultRedrawableLabel::writeText (9 bytes)
Event: 78.355 Thread 0x0000021f7c8312f0 nmethod 1769 0x0000021f6a86c510 code [0x0000021f6a86c6c0, 0x0000021f6a86c918]
Event: 78.355 Thread 0x0000021f7c8312f0 1770       3       org.gradle.internal.logging.console.DefaultRedrawableLabel$1::<init> (10 bytes)
Event: 78.355 Thread 0x0000021f7c8312f0 nmethod 1770 0x0000021f6a86ca10 code [0x0000021f6a86cba0, 0x0000021f6a86cd78]
Event: 78.355 Thread 0x0000021f7c8312f0 1771       3       org.gradle.internal.logging.console.DefaultRedrawableLabel$1::execute (9 bytes)
Event: 78.355 Thread 0x0000021f7c8312f0 nmethod 1771 0x0000021f6a86ce90 code [0x0000021f6a86d040, 0x0000021f6a86d368]
Event: 78.355 Thread 0x0000021f7c8312f0 1772       3       org.gradle.internal.logging.console.DefaultRedrawableLabel$1::execute (12 bytes)
Event: 78.355 Thread 0x0000021f7c8312f0 nmethod 1772 0x0000021f6a86d490 code [0x0000021f6a86d640, 0x0000021f6a86d7e8]
Event: 90.255 Thread 0x0000021f7c8312f0 1773       3       org.gradle.internal.logging.console.ProgressBar::fill (34 bytes)
Event: 90.255 Thread 0x0000021f7c8312f0 nmethod 1773 0x0000021f6a86d910 code [0x0000021f6a86dac0, 0x0000021f6a86ddc8]
Event: 90.354 Thread 0x0000021f7c82dbe0 1774       4       org.gradle.util.internal.GUtil::isTrue (56 bytes)
Event: 90.355 Thread 0x0000021f7c82dbe0 nmethod 1774 0x0000021f72085790 code [0x0000021f72085920, 0x0000021f72085a18]
Event: 91.255 Thread 0x0000021f7c8312f0 1775       3       org.gradle.internal.logging.console.DefaultAnsiExecutor$AnsiContextImpl::writeAt (33 bytes)
Event: 91.255 Thread 0x0000021f7c8312f0 nmethod 1775 0x0000021f6a86df10 code [0x0000021f6a86e0e0, 0x0000021f6a86e548]
Event: 92.855 Thread 0x0000021f7c8312f0 1776       3       org.gradle.internal.logging.console.DefaultRedrawableLabel::redrawText (102 bytes)
Event: 92.855 Thread 0x0000021f7c82dbe0 1777       4       org.fusesource.jansi.Ansi::flushAttributes (94 bytes)

GC Heap History (2 events):
Event: 0.658 GC heap before
{Heap before GC invocations=0 (full 0):
 garbage-first heap   total 65536K, used 26624K [0x00000000fc000000, 0x0000000100000000)
  region size 1024K, 23 young (23552K), 0 survivors (0K)
 Metaspace       used 3810K, committed 3904K, reserved 1114112K
  class space    used 468K, committed 512K, reserved 1048576K
}
Event: 0.668 GC heap after
{Heap after GC invocations=1 (full 0):
 garbage-first heap   total 65536K, used 10960K [0x00000000fc000000, 0x0000000100000000)
  region size 1024K, 3 young (3072K), 3 survivors (3072K)
 Metaspace       used 3810K, committed 3904K, reserved 1114112K
  class space    used 468K, committed 512K, reserved 1048576K
}

Deoptimization events (20 events):
Event: 0.906 Thread 0x0000021f62c43390 DEOPT PACKING pc=0x0000021f7201f32c sp=0x0000003b8cffbab0
Event: 0.906 Thread 0x0000021f62c43390 DEOPT UNPACKING pc=0x0000021f71a923a3 sp=0x0000003b8cffba78 mode 2
Event: 0.933 Thread 0x0000021f62c43390 DEOPT PACKING pc=0x0000021f6a608630 sp=0x0000003b8cff5ee0
Event: 0.933 Thread 0x0000021f62c43390 DEOPT UNPACKING pc=0x0000021f71a92b43 sp=0x0000003b8cff53f8 mode 0
Event: 1.043 Thread 0x0000021f62c43390 Uncommon trap: trap_request=0xffffff45 fr.pc=0x0000021f7203684c relative=0x0000000000001c8c
Event: 1.043 Thread 0x0000021f62c43390 Uncommon trap: reason=unstable_if action=reinterpret pc=0x0000021f7203684c method=java.io.WinNTFileSystem.normalize(Ljava/lang/String;)Ljava/lang/String; @ 128 c2
Event: 1.043 Thread 0x0000021f62c43390 DEOPT PACKING pc=0x0000021f7203684c sp=0x0000003b8cffb580
Event: 1.043 Thread 0x0000021f62c43390 DEOPT UNPACKING pc=0x0000021f71a923a3 sp=0x0000003b8cffb568 mode 2
Event: 1.165 Thread 0x0000021f62c43390 Uncommon trap: trap_request=0xffffff45 fr.pc=0x0000021f72017724 relative=0x0000000000000664
Event: 1.165 Thread 0x0000021f62c43390 Uncommon trap: reason=unstable_if action=reinterpret pc=0x0000021f72017724 method=java.lang.AbstractStringBuilder.append(Ljava/lang/String;)Ljava/lang/AbstractStringBuilder; @ 1 c2
Event: 1.165 Thread 0x0000021f62c43390 DEOPT PACKING pc=0x0000021f72017724 sp=0x0000003b8cffc2e0
Event: 1.165 Thread 0x0000021f62c43390 DEOPT UNPACKING pc=0x0000021f71a923a3 sp=0x0000003b8cffc260 mode 2
Event: 1.165 Thread 0x0000021f62c43390 Uncommon trap: trap_request=0xffffff45 fr.pc=0x0000021f7202aea4 relative=0x0000000000000664
Event: 1.165 Thread 0x0000021f62c43390 Uncommon trap: reason=unstable_if action=reinterpret pc=0x0000021f7202aea4 method=java.lang.AbstractStringBuilder.append(Ljava/lang/String;)Ljava/lang/AbstractStringBuilder; @ 1 c2
Event: 1.165 Thread 0x0000021f62c43390 DEOPT PACKING pc=0x0000021f7202aea4 sp=0x0000003b8cffc280
Event: 1.165 Thread 0x0000021f62c43390 DEOPT UNPACKING pc=0x0000021f71a923a3 sp=0x0000003b8cffc268 mode 2
Event: 1.225 Thread 0x0000021f62c43390 Uncommon trap: trap_request=0xffffff45 fr.pc=0x0000021f72061594 relative=0x0000000000000254
Event: 1.225 Thread 0x0000021f62c43390 Uncommon trap: reason=unstable_if action=reinterpret pc=0x0000021f72061594 method=java.lang.invoke.VarForm.getMemberNameOrNull(I)Ljava/lang/invoke/MemberName; @ 8 c2
Event: 1.225 Thread 0x0000021f62c43390 DEOPT PACKING pc=0x0000021f72061594 sp=0x0000003b8cffc350
Event: 1.225 Thread 0x0000021f62c43390 DEOPT UNPACKING pc=0x0000021f71a923a3 sp=0x0000003b8cffc230 mode 2

Classes unloaded (0 events):
No events

Classes redefined (0 events):
No events

Internal exceptions (18 events):
Event: 0.193 Thread 0x0000021f62c43390 Exception <a 'java/lang/NoSuchMethodError'{0x00000000ffc6d560}: 'int java.lang.invoke.DirectMethodHandle$Holder.invokeStaticInit(java.lang.Object, java.lang.Object)'> (0x00000000ffc6d560) 
thrown [s\open\src\hotspot\share\interpreter\linkResolver.cpp, line 759]
Event: 0.626 Thread 0x0000021f62c43390 Exception <a 'java/lang/NoSuchMethodError'{0x00000000fe91e7e8}: 'void java.lang.invoke.DirectMethodHandle$Holder.invokeStatic(java.lang.Object, java.lang.Object)'> (0x00000000fe91e7e8) 
thrown [s\open\src\hotspot\share\interpreter\linkResolver.cpp, line 759]
Event: 0.649 Thread 0x0000021f62c43390 Exception <a 'java/lang/NoClassDefFoundError'{0x00000000fe9a31b0}: org/slf4j/impl/StaticMarkerBinder> (0x00000000fe9a31b0) 
thrown [s\open\src\hotspot\share\classfile\systemDictionary.cpp, line 245]
Event: 0.678 Thread 0x0000021f62c43390 Exception <a 'java/lang/NoSuchMethodError'{0x00000000fff49730}: 'java.lang.Object java.lang.invoke.DirectMethodHandle$Holder.invokeVirtual(java.lang.Object, java.lang.Object, java.lang.Object, java.lang.Object, java.lang.Object, java.lang.Object, java.lang.Object)'> (0x00000000fff49730) 
thrown [s\open\src\hotspot\share\interpreter\linkResolver.cpp, line 759]
Event: 0.680 Thread 0x0000021f62c43390 Exception <a 'java/lang/NoSuchMethodError'{0x00000000fff5acc0}: 'java.lang.Object java.lang.invoke.Invokers$Holder.invoker(java.lang.Object, java.lang.Object, java.lang.Object)'> (0x00000000fff5acc0) 
thrown [s\open\src\hotspot\share\interpreter\linkResolver.cpp, line 759]
Event: 0.683 Thread 0x0000021f62c43390 Exception <a 'java/lang/NoSuchMethodError'{0x00000000fff63e98}: 'java.lang.Object java.lang.invoke.DirectMethodHandle$Holder.invokeStatic(java.lang.Object, java.lang.Object, int)'> (0x00000000fff63e98) 
thrown [s\open\src\hotspot\share\interpreter\linkResolver.cpp, line 759]
Event: 0.686 Thread 0x0000021f62c43390 Exception <a 'java/lang/NoSuchMethodError'{0x00000000fff6fb88}: 'void java.lang.invoke.DelegatingMethodHandle$Holder.delegate(java.lang.Object, java.lang.Object, int, java.lang.Object)'> (0x00000000fff6fb88) 
thrown [s\open\src\hotspot\share\interpreter\linkResolver.cpp, line 759]
Event: 0.687 Thread 0x0000021f62c43390 Exception <a 'java/lang/NoSuchMethodError'{0x00000000fffac4c0}: 'int java.lang.invoke.DirectMethodHandle$Holder.invokeSpecial(java.lang.Object, java.lang.Object, java.lang.Object)'> (0x00000000fffac4c0) 
thrown [s\open\src\hotspot\share\interpreter\linkResolver.cpp, line 759]
Event: 0.692 Thread 0x0000021f62c43390 Exception <a 'java/lang/NoSuchMethodError'{0x00000000fffbf608}: 'java.lang.Object java.lang.invoke.Invokers$Holder.invokeExact_MT(java.lang.Object, java.lang.Object, java.lang.Object, java.lang.Object)'> (0x00000000fffbf608) 
thrown [s\open\src\hotspot\share\interpreter\linkResolver.cpp, line 759]
Event: 0.862 Thread 0x0000021f62c43390 Exception <a 'java/lang/NoSuchMethodError'{0x00000000ff9c38d0}: 'void java.lang.invoke.DirectMethodHandle$Holder.invokeSpecial(java.lang.Object, java.lang.Object, java.lang.Object)'> (0x00000000ff9c38d0) 
thrown [s\open\src\hotspot\share\interpreter\linkResolver.cpp, line 759]
Event: 0.873 Thread 0x0000021f62c43390 Implicit null exception at 0x0000021f72041d0f to 0x0000021f7204226c
Event: 0.873 Thread 0x0000021f62c43390 Implicit null exception at 0x0000021f7202398f to 0x0000021f72023efc
Event: 0.895 Thread 0x0000021f62c43390 Exception <a 'java/lang/NoSuchMethodError'{0x00000000ff792938}: 'java.lang.Object java.lang.invoke.DirectMethodHandle$Holder.invokeStaticInit(java.lang.Object)'> (0x00000000ff792938) 
thrown [s\open\src\hotspot\share\interpreter\linkResolver.cpp, line 759]
Event: 0.990 Thread 0x0000021f62c43390 Exception <a 'java/lang/NoSuchMethodError'{0x00000000ff34b320}: 'java.lang.Object java.lang.invoke.DirectMethodHandle$Holder.invokeStaticInit(java.lang.Object, int, int, int, int)'> (0x00000000ff34b320) 
thrown [s\open\src\hotspot\share\interpreter\linkResolver.cpp, line 759]
Event: 1.058 Thread 0x0000021f62c43390 Exception <a 'java/lang/NoSuchMethodError'{0x00000000ff207458}: 'java.lang.Object java.lang.invoke.DirectMethodHandle$Holder.invokeStaticInit(java.lang.Object, java.lang.Object, int, int, int, int)'> (0x00000000ff207458) 
thrown [s\open\src\hotspot\share\interpreter\linkResolver.cpp, line 759]
Event: 1.147 Thread 0x0000021f62c43390 Exception <a 'java/lang/NoSuchMethodError'{0x00000000ff2337b0}: 'void java.lang.invoke.DirectMethodHandle$Holder.invokeStatic(java.lang.Object, java.lang.Object, java.lang.Object)'> (0x00000000ff2337b0) 
thrown [s\open\src\hotspot\share\interpreter\linkResolver.cpp, line 759]
Event: 1.165 Thread 0x0000021f62c43390 Implicit null exception at 0x0000021f720170f2 to 0x0000021f7201770c
Event: 1.165 Thread 0x0000021f62c43390 Implicit null exception at 0x0000021f7202a872 to 0x0000021f7202ae8c

VM Operations (20 events):
Event: 54.677 Executing VM operation: Cleanup
Event: 54.677 Executing VM operation: Cleanup done
Event: 55.678 Executing VM operation: Cleanup
Event: 55.678 Executing VM operation: Cleanup done
Event: 56.678 Executing VM operation: Cleanup
Event: 56.678 Executing VM operation: Cleanup done
Event: 58.680 Executing VM operation: Cleanup
Event: 58.680 Executing VM operation: Cleanup done
Event: 60.256 Executing VM operation: HandshakeAllThreads
Event: 60.256 Executing VM operation: HandshakeAllThreads done
Event: 60.256 Executing VM operation: Cleanup
Event: 60.256 Executing VM operation: Cleanup done
Event: 61.256 Executing VM operation: Cleanup
Event: 61.256 Executing VM operation: Cleanup done
Event: 64.258 Executing VM operation: Cleanup
Event: 64.259 Executing VM operation: Cleanup done
Event: 69.261 Executing VM operation: Cleanup
Event: 69.261 Executing VM operation: Cleanup done
Event: 92.272 Executing VM operation: Cleanup
Event: 92.272 Executing VM operation: Cleanup done

Events (20 events):
Event: 18.702 loading class jdk/internal/logger/LazyLoggers$LazyLoggerFactories
Event: 18.702 loading class jdk/internal/logger/LazyLoggers$LazyLoggerFactories done
Event: 18.703 loading class jdk/internal/logger/LoggerFinderLoader
Event: 18.703 loading class jdk/internal/logger/LoggerFinderLoader done
Event: 18.703 loading class jdk/internal/logger/LoggerFinderLoader$TemporaryLoggerFinder
Event: 18.703 loading class jdk/internal/logger/LoggerFinderLoader$TemporaryLoggerFinder done
Event: 18.704 loading class sun/util/logging/internal/LoggingProviderImpl$JULWrapper
Event: 18.704 loading class sun/util/logging/PlatformLogger$ConfigurableBridge$LoggerConfiguration
Event: 18.704 loading class sun/util/logging/PlatformLogger$ConfigurableBridge$LoggerConfiguration done
Event: 18.704 loading class sun/util/logging/internal/LoggingProviderImpl$JULWrapper done
Event: 18.704 loading class java/io/ObjectInputFilter
Event: 18.704 loading class java/io/ObjectInputFilter done
Event: 18.705 loading class java/io/ObjectInputFilter$Config$BuiltinFilterFactory
Event: 18.705 loading class java/io/ObjectInputFilter$Config$BuiltinFilterFactory done
Event: 18.705 loading class jdk/internal/access/JavaObjectInputFilterAccess
Event: 18.705 loading class jdk/internal/access/JavaObjectInputFilterAccess done
Event: 18.706 loading class java/lang/System$Logger$Level
Event: 18.706 loading class java/lang/System$Logger$Level done
Event: 18.706 loading class java/io/Bits
Event: 18.706 loading class java/io/Bits done


Dynamic libraries:
0x00007ff7b3c00000 - 0x00007ff7b3c10000 	C:\Program Files\Java\jdk-17\bin\java.exe
0x00007ff84cf70000 - 0x00007ff84d165000 	C:\Windows\SYSTEM32\ntdll.dll
0x00007ff84be20000 - 0x00007ff84bedd000 	C:\Windows\System32\KERNEL32.DLL
0x00007ff84ac70000 - 0x00007ff84af39000 	C:\Windows\System32\KERNELBASE.dll
0x00007ff84a810000 - 0x00007ff84a910000 	C:\Windows\System32\ucrtbase.dll
0x00007ff840da0000 - 0x00007ff840db9000 	C:\Program Files\Java\jdk-17\bin\jli.dll
0x00007ff839cb0000 - 0x00007ff839ccb000 	C:\Program Files\Java\jdk-17\bin\VCRUNTIME140.dll
0x00007ff84bf30000 - 0x00007ff84bfdc000 	C:\Windows\System32\ADVAPI32.dll
0x00007ff84c3f0000 - 0x00007ff84c48e000 	C:\Windows\System32\msvcrt.dll
0x00007ff84cca0000 - 0x00007ff84cd3b000 	C:\Windows\System32\sechost.dll
0x00007ff84ba20000 - 0x00007ff84bb4a000 	C:\Windows\System32\RPCRT4.dll
0x00007ff84bb70000 - 0x00007ff84bd10000 	C:\Windows\System32\USER32.dll
0x00007ff84aa20000 - 0x00007ff84aa42000 	C:\Windows\System32\win32u.dll
0x00007ff83b360000 - 0x00007ff83b5fa000 	C:\Windows\WinSxS\amd64_microsoft.windows.common-controls_6595b64144ccf1df_6.0.19041.1083_none_60bbe31371f34e71\COMCTL32.dll
0x00007ff84bf00000 - 0x00007ff84bf2a000 	C:\Windows\System32\GDI32.dll
0x00007ff84aaa0000 - 0x00007ff84abab000 	C:\Windows\System32\gdi32full.dll
0x00007ff84af40000 - 0x00007ff84afdd000 	C:\Windows\System32\msvcp_win.dll
0x00007ff8444f0000 - 0x00007ff8444fa000 	C:\Windows\SYSTEM32\VERSION.dll
0x00007ff84c340000 - 0x00007ff84c370000 	C:\Windows\System32\IMM32.DLL
0x00007ff844e40000 - 0x00007ff844e4c000 	C:\Program Files\Java\jdk-17\bin\vcruntime140_1.dll
0x00007ff815710000 - 0x00007ff81579e000 	C:\Program Files\Java\jdk-17\bin\msvcp140.dll
0x00007fffbd100000 - 0x00007fffbdce0000 	C:\Program Files\Java\jdk-17\bin\server\jvm.dll
0x00007ff84bb50000 - 0x00007ff84bb58000 	C:\Windows\System32\PSAPI.DLL
0x00007ff839340000 - 0x00007ff839349000 	C:\Windows\SYSTEM32\WSOCK32.dll
0x00007ff83bdd0000 - 0x00007ff83bdf7000 	C:\Windows\SYSTEM32\WINMM.dll
0x00007ff84c520000 - 0x00007ff84c58b000 	C:\Windows\System32\WS2_32.dll
0x00007ff848f90000 - 0x00007ff848fa2000 	C:\Windows\SYSTEM32\kernel.appcore.dll
0x00007ff844600000 - 0x00007ff84460a000 	C:\Program Files\Java\jdk-17\bin\jimage.dll
0x00007ff8481e0000 - 0x00007ff8483c4000 	C:\Windows\SYSTEM32\DBGHELP.DLL
0x00007ff837030000 - 0x00007ff83705c000 	C:\Windows\SYSTEM32\dbgcore.DLL
0x00007ff84abe0000 - 0x00007ff84ac63000 	C:\Windows\System32\bcryptPrimitives.dll
0x00007ff833870000 - 0x00007ff833895000 	C:\Program Files\Java\jdk-17\bin\java.dll
0x00007ff80d5d0000 - 0x00007ff80d6a7000 	C:\Program Files\Java\jdk-17\bin\jsvml.dll
0x00007ff84b130000 - 0x00007ff84b86f000 	C:\Windows\System32\SHELL32.dll
0x00007ff8487e0000 - 0x00007ff848f71000 	C:\Windows\SYSTEM32\windows.storage.dll
0x00007ff84bfe0000 - 0x00007ff84c335000 	C:\Windows\System32\combase.dll
0x00007ff84a050000 - 0x00007ff84a07c000 	C:\Windows\SYSTEM32\Wldp.dll
0x00007ff84bd70000 - 0x00007ff84be1e000 	C:\Windows\System32\SHCORE.dll
0x00007ff84b0c0000 - 0x00007ff84b115000 	C:\Windows\System32\shlwapi.dll
0x00007ff84a5f0000 - 0x00007ff84a60f000 	C:\Windows\SYSTEM32\profapi.dll
0x00007ff837ca0000 - 0x00007ff837cb9000 	C:\Program Files\Java\jdk-17\bin\net.dll
0x00007ff844190000 - 0x00007ff84429a000 	C:\Windows\SYSTEM32\WINHTTP.dll
0x0000000180000000 - 0x000000018008c000 	C:\Windows\system32\ASProxy64.dll
0x00007ff84ce00000 - 0x00007ff84cf2a000 	C:\Windows\System32\ole32.dll
0x00007ff84c590000 - 0x00007ff84c65d000 	C:\Windows\System32\OLEAUT32.dll
0x00007ff849db0000 - 0x00007ff849e1a000 	C:\Windows\SYSTEM32\MSWSOCK.dll
0x00007ff849aa0000 - 0x00007ff849adb000 	C:\Windows\SYSTEM32\IPHLPAPI.DLL
0x00007ff84a570000 - 0x00007ff84a5a1000 	C:\Windows\SYSTEM32\SspiCli.dll
0x00007ff8379b0000 - 0x00007ff8379c6000 	C:\Program Files\Java\jdk-17\bin\nio.dll
0x00007ff8370f0000 - 0x00007ff837108000 	C:\Program Files\Java\jdk-17\bin\zip.dll
0x00007ff847280000 - 0x00007ff84731e000 	C:\Windows\system32\uxtheme.dll
0x00007ff844630000 - 0x00007ff844640000 	C:\Program Files\Java\jdk-17\bin\verify.dll
0x00007ff834b90000 - 0x00007ff834bb7000 	C:\Users\alex\.gradle\native\68d5fa5c4cc2d200863cafc0d521ce42e7d3e7ee720ec0a83991735586a16f82\windows-amd64\native-platform.dll
0x00007ff8464f0000 - 0x00007ff8464fa000 	C:\Users\alex\.gradle\native\jansi\1.18\windows64\jansi.dll
0x00007ff842bf0000 - 0x00007ff842bfa000 	C:\Program Files\Java\jdk-17\bin\management.dll
0x00007ff842ac0000 - 0x00007ff842acb000 	C:\Program Files\Java\jdk-17\bin\management_ext.dll
0x00007ff849fa0000 - 0x00007ff849fb8000 	C:\Windows\SYSTEM32\CRYPTSP.dll
0x00007ff849750000 - 0x00007ff849784000 	C:\Windows\system32\rsaenh.dll
0x00007ff84abb0000 - 0x00007ff84abd7000 	C:\Windows\System32\bcrypt.dll
0x00007ff84a5b0000 - 0x00007ff84a5de000 	C:\Windows\SYSTEM32\USERENV.dll
0x00007ff849f90000 - 0x00007ff849f9c000 	C:\Windows\SYSTEM32\CRYPTBASE.dll
0x00007ff84bb60000 - 0x00007ff84bb68000 	C:\Windows\System32\NSI.dll
0x00007ff8446c0000 - 0x00007ff8446d7000 	C:\Windows\SYSTEM32\dhcpcsvc6.DLL
0x00007ff844650000 - 0x00007ff84466d000 	C:\Windows\SYSTEM32\dhcpcsvc.DLL
0x00007ff849ae0000 - 0x00007ff849bac000 	C:\Windows\SYSTEM32\DNSAPI.dll
0x00007ff841690000 - 0x00007ff84169e000 	C:\Program Files\Java\jdk-17\bin\sunmscapi.dll
0x00007ff84a6b0000 - 0x00007ff84a80f000 	C:\Windows\System32\CRYPT32.dll
0x00007ff84a0c0000 - 0x00007ff84a0e7000 	C:\Windows\SYSTEM32\ncrypt.dll
0x00007ff84a080000 - 0x00007ff84a0bb000 	C:\Windows\SYSTEM32\NTASN1.dll
0x00007ff8416a0000 - 0x00007ff8416a7000 	C:\Windows\system32\wshunix.dll

dbghelp: loaded successfully - version: 4.0.5 - missing functions: none
symbol engine: initialized successfully - sym options: 0x614 - pdb path: .;C:\Program Files\Java\jdk-17\bin;C:\Windows\SYSTEM32;C:\Windows\WinSxS\amd64_microsoft.windows.common-controls_6595b64144ccf1df_6.0.19041.1083_none_60bbe31371f34e71;C:\Program Files\Java\jdk-17\bin\server;C:\Users\alex\.gradle\native\68d5fa5c4cc2d200863cafc0d521ce42e7d3e7ee720ec0a83991735586a16f82\windows-amd64;C:\Users\alex\.gradle\native\jansi\1.18\windows64

VM Arguments:
jvm_args: -Xmx64m -Xms64m -Dorg.gradle.appname=gradlew 
java_command: org.gradle.wrapper.GradleWrapperMain bundleRelease
java_class_path (initial): D:\alex\book_smart_industry\android\\gradle\wrapper\gradle-wrapper.jar
Launcher Type: SUN_STANDARD

[Global flags]
     intx CICompilerCount                          = 4                                         {product} {ergonomic}
     uint ConcGCThreads                            = 3                                         {product} {ergonomic}
     uint G1ConcRefinementThreads                  = 10                                        {product} {ergonomic}
   size_t G1HeapRegionSize                         = 1048576                                   {product} {ergonomic}
    uintx GCDrainStackTargetSize                   = 64                                        {product} {ergonomic}
   size_t InitialHeapSize                          = 67108864                                  {product} {command line}
   size_t MarkStackSize                            = 4194304                                   {product} {ergonomic}
   size_t MaxHeapSize                              = 67108864                                  {product} {command line}
   size_t MaxNewSize                               = 39845888                                  {product} {ergonomic}
   size_t MinHeapDeltaBytes                        = 1048576                                   {product} {ergonomic}
   size_t MinHeapSize                              = 67108864                                  {product} {command line}
    uintx NonNMethodCodeHeapSize                   = 5839372                                {pd product} {ergonomic}
    uintx NonProfiledCodeHeapSize                  = 122909434                              {pd product} {ergonomic}
    uintx ProfiledCodeHeapSize                     = 122909434                              {pd product} {ergonomic}
    uintx ReservedCodeCacheSize                    = 251658240                              {pd product} {ergonomic}
     bool SegmentedCodeCache                       = true                                      {product} {ergonomic}
   size_t SoftMaxHeapSize                          = 67108864                               {manageable} {ergonomic}
     bool UseCompressedClassPointers               = true                           {product lp64_product} {ergonomic}
     bool UseCompressedOops                        = true                           {product lp64_product} {ergonomic}
     bool UseG1GC                                  = true                                      {product} {ergonomic}
     bool UseLargePagesIndividualAllocation        = false                                  {pd product} {ergonomic}

Logging:
Log output configuration:
 #0: stdout all=warning uptime,level,tags
 #1: stderr all=off uptime,level,tags

Environment Variables:
JAVA_HOME=C:\Program Files\Java\jdk-17
CLASSPATH=D:\alex\book_smart_industry\android\\gradle\wrapper\gradle-wrapper.jar
PATH=c:\Users\alex\AppData\Local\Programs\cursor\resources\app\bin;C:\Program Files\PlasticSCM5\server;C:\Program Files\PlasticSCM5\client;C:\Windows\system32;C:\Windows;C:\Windows\System32\Wbem;C:\Windows\System32\WindowsPowerShell\v1.0\;C:\Windows\System32\OpenSSH\;C:\ProgramData\chocolatey\bin;C:\Program Files\Java\jdk-17\bin;C:\Program Files\Bandizip\;D:\k\flutter_windows_3.29.0-stable\flutter\bin;C:\ProgramData\ComposerSetup\bin;c:\Users\alex\AppData\Local\Programs\cursor\resources\app\bin;C:\Users\alex\AppData\Local\Android\Sdk\platform-tools;C:\Users\alex\AppData\Local\Android\Sdk\tools;C:\Users\alex\AppData\Local\Android\Sdk\tools\bin;C:\Users\root\AppData\Local\Microsoft\WindowsApps;C:\Program Files\Git\cmd;C:\Users\satan\AppData\Local\nvm;C:\nvm4w\nodejs;D:\satan\xampp_8.2.12\php;C:\Users\YourUsername\AppData\Local\Programs\Microsoft VS Code\bin;C:\Users\alex\AppData\Local\Android\Sdk\emulator;C:\Users\alex\AppData\Local\Programs\Python\Python312\Scripts\;C:\Users\alex\AppData\Local\Programs\Python\Python312\;C:\Users\alex\AppData\Local\Programs\Python\Launcher\;C:\Users\alex\AppData\Local\Android\Sdk\platform-tools;C:\Users\alex\AppData\Local\Android\Sdk\tools;C:\Users\alex\AppData\Local\Microsoft\WindowsApps;C:\Users\alex\AppData\Local\Programs\Git\cmd;C:\Users\alex\AppData\Local\Programs\Microsoft VS Code\bin;C:\Users\alex\AppData\Roaming\npm;C:\Users\alex\AppData\Local\GitHubDesktop\bin;C:\Users\alex\AppData\Roaming\Composer\vendor\bin;C:\Users\vasilisk\AppData\Local\nvm;C:\nvm_nova\nodejs
USERNAME=alex
LANG=en_US.UTF-8
OS=Windows_NT
PROCESSOR_IDENTIFIER=Intel64 Family 6 Model 158 Stepping 10, GenuineIntel



---------------  S Y S T E M  ---------------

OS:
 Windows 10 , 64 bit Build 19041 (10.0.19041.1023)
OS uptime: 12 days 19:28 hours

CPU: total 12 (initial active 12) (6 cores per cpu, 2 threads per core) family 6 model 158 stepping 10 microcode 0xb4, cx8, cmov, fxsr, ht, mmx, 3dnowpref, sse, sse2, sse3, ssse3, sse4.1, sse4.2, popcnt, lzcnt, tsc, tscinvbit, avx, avx2, aes, erms, clmul, bmi1, bmi2, rtm, adx, fma, vzeroupper, clflush, clflushopt

Memory: 4k page, system-wide physical 65406M (21386M free)
TotalPageFile size 69406M (AvailPageFile size 0M)
current process WorkingSet (physical memory assigned to process): 92M, peak: 99M
current process commit charge ("private bytes"): 168M, peak: 177M

vm_info: Java HotSpot(TM) 64-Bit Server VM (17.0.12+8-LTS-286) for windows-amd64 JRE (17.0.12+8-LTS-286), built on Jun  5 2024 06:46:59 by "mach5one" with MS VC++ 17.6 (VS2022)

END.
