#
# There is insufficient memory for the Java Runtime Environment to continue.
# Native memory allocation (malloc) failed to allocate 247536 bytes for Chunk::new
# Possible reasons:
#   The system is out of physical RAM or swap space
#   The process is running with CompressedOops enabled, and the Java Heap may be blocking the growth of the native heap
# Possible solutions:
#   Reduce memory load on the system
#   Increase physical memory or swap space
#   Check if swap backing store is full
#   Decrease Java heap size (-Xmx/-Xms)
#   Decrease number of Java threads
#   Decrease Java thread stack sizes (-Xss)
#   Set larger code cache with -XX:ReservedCodeCacheSize=
#   JVM is running with Unscaled Compressed Oops mode in which the Java heap is
#     placed in the first 4GB address space. The Java Heap base address is the
#     maximum limit for the native heap growth. Please use -XX:HeapBaseMinAddress
#     to set the Java Heap base and to place the Java Heap above 4GB virtual address.
# This output file may be truncated or incomplete.
#
#  Out of Memory Error (arena.cpp:189), pid=37920, tid=25068
#
# JRE version: Java(TM) SE Runtime Environment (17.0.12+8) (build 17.0.12+8-LTS-286)
# Java VM: Java HotSpot(TM) 64-Bit Server VM (17.0.12+8-LTS-286, mixed mode, sharing, tiered, compressed oops, compressed class ptrs, g1 gc, windows-amd64)
# No core dump will be written. Minidumps are not enabled by default on client versions of Windows
#

---------------  S U M M A R Y ------------

Command Line: -XX:MaxMetaspaceSize=512m --add-opens=java.base/java.util=ALL-UNNAMED --add-opens=java.base/java.lang=ALL-UNNAMED --add-opens=java.base/java.lang.invoke=ALL-UNNAMED --add-opens=java.prefs/java.util.prefs=ALL-UNNAMED --add-opens=java.base/java.nio.charset=ALL-UNNAMED --add-opens=java.base/java.net=ALL-UNNAMED --add-opens=java.base/java.util.concurrent.atomic=ALL-UNNAMED -Xmx2048m -Dfile.encoding=windows-1251 -Duser.country=US -Duser.language=en -Duser.variant -javaagent:C:\Users\alex\.gradle\wrapper\dists\gradle-8.3-all\6en3ugtfdg5xnpx44z4qbwgas\gradle-8.3\lib\agents\gradle-instrumentation-agent-8.3.jar org.gradle.launcher.daemon.bootstrap.GradleDaemon 8.3

Host: Intel(R) Core(TM) i7-8700 CPU @ 3.20GHz, 12 cores, 63G,  Windows 10 , 64 bit Build 19041 (10.0.19041.1023)
Time: Fri Jul 25 05:53:24 2025 Turkey Standard Time elapsed time: 37.934136 seconds (0d 0h 0m 37s)

---------------  T H R E A D  ---------------

Current thread (0x00000205682f63a0):  JavaThread "C2 CompilerThread0" daemon [_thread_in_native, id=25068, stack(0x0000005680f00000,0x0000005681000000)]


Current CompileTask:
C2:  37934 10451       4       org.objectweb.asm.MethodWriter::visitLabel (328 bytes)

Stack: [0x0000005680f00000,0x0000005681000000]
Native frames: (J=compiled Java code, j=interpreted, Vv=VM code, C=native code)
V  [jvm.dll+0x67a04a]
V  [jvm.dll+0x7da4ed]
V  [jvm.dll+0x7dbe33]
V  [jvm.dll+0x7dc4a3]
V  [jvm.dll+0x24508f]
V  [jvm.dll+0xab773]
V  [jvm.dll+0xabd3c]
V  [jvm.dll+0x361b9f]
V  [jvm.dll+0x32c431]
V  [jvm.dll+0x32b8ca]
V  [jvm.dll+0x21683f]
V  [jvm.dll+0x215c6f]
V  [jvm.dll+0x1a2960]
V  [jvm.dll+0x22610b]
V  [jvm.dll+0x2242ab]
V  [jvm.dll+0x79075c]
V  [jvm.dll+0x78abea]
V  [jvm.dll+0x678f35]
C  [ucrtbase.dll+0x21bb2]
C  [KERNEL32.DLL+0x17034]
C  [ntdll.dll+0x52651]


---------------  P R O C E S S  ---------------

Threads class SMR info:
_java_thread_list=0x000002056f6a63a0, length=117, elements={
0x0000020547aa2f90, 0x00000205682cf740, 0x00000205682d05c0, 0x00000205682f15b0,
0x00000205682f2170, 0x00000205682f4c40, 0x00000205682f5600, 0x00000205682f63a0,
0x00000205682f6e50, 0x00000205682fa400, 0x00000205682b4350, 0x00000205686c3950,
0x00000205688858f0, 0x000002056ed1a020, 0x000002056f22a010, 0x000002056ef30550,
0x000002056e04d610, 0x000002056e04e540, 0x000002056e04ef60, 0x000002056e04e030,
0x000002056e04cbf0, 0x000002056e04d100, 0x000002056e04ea50, 0x000002056e04f470,
0x000002056e04f980, 0x000002056e04fe90, 0x000002056e0503a0, 0x00000205702afe30,
0x00000205702b5440, 0x00000205702b4000, 0x00000205702b1780, 0x00000205702b4510,
0x00000205702b5950, 0x00000205702aef00, 0x00000205702b4a20, 0x00000205702b4f30,
0x00000205702b30d0, 0x00000205702b0850, 0x00000205702b0d60, 0x00000205702b3af0,
0x00000205702ae4e0, 0x00000205702b1c90, 0x00000205702b5e60, 0x00000205702b35e0,
0x00000205702b21a0, 0x00000205702b1270, 0x00000205702af410, 0x00000205702b26b0,
0x00000205702ae9f0, 0x000002056e0eea50, 0x000002056e0ef470, 0x000002056e0edb20,
0x000002056e0ecbf0, 0x000002056e0efe90, 0x000002056e0f03a0, 0x000002056e0ed100,
0x000002056e0ee540, 0x000002056e0eef60, 0x000002056e0ed610, 0x000002056e0ee030,
0x000002056e0ef980, 0x000002056dd2ec30, 0x000002056dd30580, 0x000002056dd319c0,
0x000002056dd2f140, 0x000002056dd2d7f0, 0x000002056dd2f650, 0x000002056dd2cdd0,
0x000002056dd328f0, 0x000002056dd2dd00, 0x000002056dd323e0, 0x000002056dd314b0,
0x000002056dd32e00, 0x000002056dd2fb60, 0x000002056dd30070, 0x000002056dd2d2e0,
0x000002056dd2e210, 0x000002056dd30a90, 0x000002056dd33310, 0x000002056dd33820,
0x000002056dd33d30, 0x000002056dd30fa0, 0x000002056dd2c8c0, 0x000002056dd34240,
0x0000020570eb5e20, 0x0000020570ebbe50, 0x0000020570ebc870, 0x0000020570eb5910,
0x0000020570eb6d50, 0x0000020570ebaa10, 0x0000020570eb7260, 0x0000020570ebcd80,
0x0000020570eb95d0, 0x0000020570eb7770, 0x0000020570ebb940, 0x0000020570eb9ae0,
0x0000020570ebd290, 0x0000020570ebc360, 0x0000020570eb8bb0, 0x0000020570eba500,
0x0000020570eb90c0, 0x0000020570eb6330, 0x0000020570eb6840, 0x0000020570eb7c80,
0x0000020570eb86a0, 0x0000020570eb9ff0, 0x0000020570ebaf20, 0x0000020570ebb430,
0x00000205711e9660, 0x00000205711ea590, 0x00000205711eafb0, 0x00000205711e9b70,
0x00000205711eb9d0, 0x00000205711e8730, 0x00000205711ea080, 0x0000020571b88ed0,
0x00000205711e8c40
}

Java Threads: ( => current thread )
  0x0000020547aa2f90 JavaThread "main" [_thread_blocked, id=25496, stack(0x0000005680200000,0x0000005680300000)]
  0x00000205682cf740 JavaThread "Reference Handler" daemon [_thread_blocked, id=45068, stack(0x0000005680900000,0x0000005680a00000)]
  0x00000205682d05c0 JavaThread "Finalizer" daemon [_thread_blocked, id=33324, stack(0x0000005680a00000,0x0000005680b00000)]
  0x00000205682f15b0 JavaThread "Signal Dispatcher" daemon [_thread_blocked, id=41456, stack(0x0000005680b00000,0x0000005680c00000)]
  0x00000205682f2170 JavaThread "Attach Listener" daemon [_thread_blocked, id=22472, stack(0x0000005680c00000,0x0000005680d00000)]
  0x00000205682f4c40 JavaThread "Service Thread" daemon [_thread_blocked, id=48700, stack(0x0000005680d00000,0x0000005680e00000)]
  0x00000205682f5600 JavaThread "Monitor Deflation Thread" daemon [_thread_blocked, id=2084, stack(0x0000005680e00000,0x0000005680f00000)]
=>0x00000205682f63a0 JavaThread "C2 CompilerThread0" daemon [_thread_in_native, id=25068, stack(0x0000005680f00000,0x0000005681000000)]
  0x00000205682f6e50 JavaThread "C1 CompilerThread0" daemon [_thread_blocked, id=5468, stack(0x0000005681000000,0x0000005681100000)]
  0x00000205682fa400 JavaThread "Sweeper thread" daemon [_thread_blocked, id=33652, stack(0x0000005681100000,0x0000005681200000)]
  0x00000205682b4350 JavaThread "Common-Cleaner" daemon [_thread_blocked, id=46692, stack(0x0000005681200000,0x0000005681300000)]
  0x00000205686c3950 JavaThread "Notification Thread" daemon [_thread_blocked, id=30012, stack(0x0000005682140000,0x0000005682240000)]
  0x00000205688858f0 JavaThread "Daemon health stats" [_thread_blocked, id=20628, stack(0x0000005682d80000,0x0000005682e80000)]
  0x000002056ed1a020 JavaThread "Incoming local TCP Connector on port 9842" [_thread_in_native, id=44988, stack(0x0000005682e80000,0x0000005682f80000)]
  0x000002056f22a010 JavaThread "Daemon periodic checks" [_thread_blocked, id=42660, stack(0x0000005682f80000,0x0000005683080000)]
  0x000002056ef30550 JavaThread "Daemon" [_thread_blocked, id=39260, stack(0x0000005683080000,0x0000005683180000)]
  0x000002056e04d610 JavaThread "Handler for socket connection from /127.0.0.1:9842 to /127.0.0.1:9843" [_thread_in_native, id=33776, stack(0x0000005683180000,0x0000005683280000)]
  0x000002056e04e540 JavaThread "Cancel handler" [_thread_blocked, id=26348, stack(0x0000005683280000,0x0000005683380000)]
  0x000002056e04ef60 JavaThread "Daemon worker" [_thread_in_vm, id=47716, stack(0x0000005683380000,0x0000005683480000)]
  0x000002056e04e030 JavaThread "Asynchronous log dispatcher for DefaultDaemonConnection: socket connection from /127.0.0.1:9842 to /127.0.0.1:9843" [_thread_blocked, id=40640, stack(0x0000005683480000,0x0000005683580000)]
  0x000002056e04cbf0 JavaThread "Stdin handler" [_thread_blocked, id=25860, stack(0x0000005683580000,0x0000005683680000)]
  0x000002056e04d100 JavaThread "Daemon client event forwarder" [_thread_blocked, id=41360, stack(0x0000005683680000,0x0000005683780000)]
  0x000002056e04ea50 JavaThread "Cache worker for journal cache (C:\Users\alex\.gradle\caches\journal-1)" [_thread_blocked, id=44496, stack(0x0000005683780000,0x0000005683880000)]
  0x000002056e04f470 JavaThread "File lock request listener" [_thread_in_native, id=51908, stack(0x0000005683880000,0x0000005683980000)]
  0x000002056e04f980 JavaThread "Cache worker for file hash cache (C:\Users\alex\.gradle\caches\8.3\fileHashes)" [_thread_blocked, id=52196, stack(0x0000005683980000,0x0000005683a80000)]
  0x000002056e04fe90 JavaThread "File watcher server" daemon [_thread_in_native, id=25136, stack(0x0000005683a80000,0x0000005683b80000)]
  0x000002056e0503a0 JavaThread "File watcher consumer" daemon [_thread_blocked, id=20168, stack(0x0000005683b80000,0x0000005683c80000)]
  0x00000205702afe30 JavaThread "Cache worker for checksums cache (D:\alex\book_smart_industry\android\.gradle\8.3\checksums)" [_thread_blocked, id=38020, stack(0x0000005683c80000,0x0000005683d80000)]
  0x00000205702b5440 JavaThread "Cache worker for file hash cache (D:\alex\book_smart_industry\android\.gradle\8.3\fileHashes)" [_thread_blocked, id=43128, stack(0x0000005683d80000,0x0000005683e80000)]
  0x00000205702b4000 JavaThread "Cache worker for cache directory md-supplier (C:\Users\alex\.gradle\caches\8.3\md-supplier)" [_thread_blocked, id=49376, stack(0x0000005683e80000,0x0000005683f80000)]
  0x00000205702b1780 JavaThread "Cache worker for file content cache (C:\Users\alex\.gradle\caches\8.3\fileContent)" [_thread_blocked, id=32564, stack(0x0000005683f80000,0x0000005684080000)]
  0x00000205702b4510 JavaThread "Cache worker for cache directory md-rule (C:\Users\alex\.gradle\caches\8.3\md-rule)" [_thread_blocked, id=29468, stack(0x0000005684280000,0x0000005684380000)]
  0x00000205702b5950 JavaThread "Cache worker for execution history cache (C:\Users\alex\.gradle\caches\8.3\executionHistory)" [_thread_blocked, id=1940, stack(0x0000005684380000,0x0000005684480000)]
  0x00000205702aef00 JavaThread "jar transforms" [_thread_blocked, id=5852, stack(0x0000005684480000,0x0000005684580000)]
  0x00000205702b4a20 JavaThread "jar transforms Thread 2" [_thread_blocked, id=47556, stack(0x0000005684580000,0x0000005684680000)]
  0x00000205702b4f30 JavaThread "jar transforms Thread 3" [_thread_blocked, id=16072, stack(0x0000005684680000,0x0000005684780000)]
  0x00000205702b30d0 JavaThread "jar transforms Thread 4" [_thread_blocked, id=43156, stack(0x0000005684780000,0x0000005684880000)]
  0x00000205702b0850 JavaThread "File lock release action executor" [_thread_blocked, id=12312, stack(0x0000005681f00000,0x0000005682000000)]
  0x00000205702b0d60 JavaThread "Cache worker for kotlin-dsl (C:\Users\alex\.gradle\caches\8.3\kotlin-dsl)" [_thread_blocked, id=38404, stack(0x0000005684880000,0x0000005684980000)]
  0x00000205702b3af0 JavaThread "jar transforms Thread 5" [_thread_blocked, id=50128, stack(0x0000005684a80000,0x0000005684b80000)]
  0x00000205702ae4e0 JavaThread "jar transforms Thread 6" [_thread_blocked, id=7228, stack(0x0000005684b80000,0x0000005684c80000)]
  0x00000205702b1c90 JavaThread "Unconstrained build operations" [_thread_blocked, id=39048, stack(0x0000005684c80000,0x0000005684d80000)]
  0x00000205702b5e60 JavaThread "Unconstrained build operations Thread 2" [_thread_blocked, id=51344, stack(0x0000005684d80000,0x0000005684e80000)]
  0x00000205702b35e0 JavaThread "jar transforms Thread 7" [_thread_blocked, id=47660, stack(0x0000005684e80000,0x0000005684f80000)]
  0x00000205702b21a0 JavaThread "jar transforms Thread 8" [_thread_blocked, id=9104, stack(0x0000005684f80000,0x0000005685080000)]
  0x00000205702b1270 JavaThread "jar transforms Thread 9" [_thread_blocked, id=52120, stack(0x0000005685080000,0x0000005685180000)]
  0x00000205702af410 JavaThread "jar transforms Thread 10" [_thread_blocked, id=37000, stack(0x0000005685180000,0x0000005685280000)]
  0x00000205702b26b0 JavaThread "jar transforms Thread 11" [_thread_blocked, id=19804, stack(0x0000005685280000,0x0000005685380000)]
  0x00000205702ae9f0 JavaThread "jar transforms Thread 12" [_thread_blocked, id=28848, stack(0x0000005685380000,0x0000005685480000)]
  0x000002056e0eea50 JavaThread "Cache worker for dependencies-accessors (D:\alex\book_smart_industry\android\.gradle\8.3\dependencies-accessors)" [_thread_blocked, id=43504, stack(0x0000005685480000,0x0000005685580000)]
  0x000002056e0ef470 JavaThread "Cache worker for Build Output Cleanup Cache (D:\alex\book_smart_industry\node_modules\@react-native\gradle-plugin\.gradle\buildOutputCleanup)" [_thread_blocked, id=25048, stack(0x0000005685580000,0x0000005685680000)]
  0x000002056e0edb20 JavaThread "Unconstrained build operations Thread 3" [_thread_blocked, id=30840, stack(0x0000005684980000,0x0000005684a80000)]
  0x000002056e0ecbf0 JavaThread "Unconstrained build operations Thread 4" [_thread_blocked, id=30436, stack(0x0000005685680000,0x0000005685780000)]
  0x000002056e0efe90 JavaThread "Unconstrained build operations Thread 5" [_thread_blocked, id=18656, stack(0x0000005685780000,0x0000005685880000)]
  0x000002056e0f03a0 JavaThread "Unconstrained build operations Thread 6" [_thread_blocked, id=42120, stack(0x0000005685880000,0x0000005685980000)]
  0x000002056e0ed100 JavaThread "Unconstrained build operations Thread 7" [_thread_blocked, id=11180, stack(0x0000005685980000,0x0000005685a80000)]
  0x000002056e0ee540 JavaThread "Unconstrained build operations Thread 8" [_thread_blocked, id=2200, stack(0x0000005685a80000,0x0000005685b80000)]
  0x000002056e0eef60 JavaThread "Unconstrained build operations Thread 9" [_thread_blocked, id=3444, stack(0x0000005685b80000,0x0000005685c80000)]
  0x000002056e0ed610 JavaThread "Unconstrained build operations Thread 10" [_thread_blocked, id=25668, stack(0x0000005685c80000,0x0000005685d80000)]
  0x000002056e0ee030 JavaThread "Unconstrained build operations Thread 11" [_thread_blocked, id=19024, stack(0x0000005685d80000,0x0000005685e80000)]
  0x000002056e0ef980 JavaThread "Unconstrained build operations Thread 12" [_thread_blocked, id=43344, stack(0x0000005685e80000,0x0000005685f80000)]
  0x000002056dd2ec30 JavaThread "Unconstrained build operations Thread 13" [_thread_blocked, id=48600, stack(0x0000005685f80000,0x0000005686080000)]
  0x000002056dd30580 JavaThread "Memory manager" [_thread_blocked, id=37596, stack(0x0000005686080000,0x0000005686180000)]
  0x000002056dd319c0 JavaThread "Cache worker for Build Output Cleanup Cache (D:\alex\book_smart_industry\android\.gradle\buildOutputCleanup)" [_thread_blocked, id=43980, stack(0x0000005686280000,0x0000005686380000)]
  0x000002056dd2f140 JavaThread "ForkJoinPool.commonPool-worker-1" daemon [_thread_blocked, id=23792, stack(0x0000005686380000,0x0000005686480000)]
  0x000002056dd2d7f0 JavaThread "ForkJoinPool.commonPool-worker-2" daemon [_thread_blocked, id=28752, stack(0x0000005686480000,0x0000005686580000)]
  0x000002056dd2f650 JavaThread "ForkJoinPool.commonPool-worker-3" daemon [_thread_blocked, id=20488, stack(0x0000005686580000,0x0000005686680000)]
  0x000002056dd2cdd0 JavaThread "ForkJoinPool.commonPool-worker-4" daemon [_thread_blocked, id=17228, stack(0x0000005686680000,0x0000005686780000)]
  0x000002056dd328f0 JavaThread "ForkJoinPool.commonPool-worker-5" daemon [_thread_blocked, id=22968, stack(0x0000005686780000,0x0000005686880000)]
  0x000002056dd2dd00 JavaThread "ForkJoinPool.commonPool-worker-6" daemon [_thread_blocked, id=51932, stack(0x0000005686880000,0x0000005686980000)]
  0x000002056dd323e0 JavaThread "ForkJoinPool.commonPool-worker-7" daemon [_thread_blocked, id=7532, stack(0x0000005686980000,0x0000005686a80000)]
  0x000002056dd314b0 JavaThread "ForkJoinPool.commonPool-worker-8" daemon [_thread_blocked, id=32436, stack(0x0000005686a80000,0x0000005686b80000)]
  0x000002056dd32e00 JavaThread "ForkJoinPool.commonPool-worker-9" daemon [_thread_blocked, id=38756, stack(0x0000005686b80000,0x0000005686c80000)]
  0x000002056dd2fb60 JavaThread "ForkJoinPool.commonPool-worker-10" daemon [_thread_blocked, id=13688, stack(0x0000005686c80000,0x0000005686d80000)]
  0x000002056dd30070 JavaThread "ForkJoinPool.commonPool-worker-11" daemon [_thread_blocked, id=49636, stack(0x0000005686d80000,0x0000005686e80000)]
  0x000002056dd2d2e0 JavaThread "Exec process" [_thread_blocked, id=47264, stack(0x0000005686e80000,0x0000005686f80000)]
  0x000002056dd2e210 JavaThread "Exec process Thread 2" [_thread_blocked, id=30580, stack(0x0000005686f80000,0x0000005687080000)]
  0x000002056dd30a90 JavaThread "Exec process Thread 3" [_thread_blocked, id=51784, stack(0x0000005687080000,0x0000005687180000)]
  0x000002056dd33310 JavaThread "included builds" [_thread_blocked, id=41680, stack(0x0000005687180000,0x0000005687280000)]
  0x000002056dd33820 JavaThread "Execution worker" [_thread_blocked, id=26620, stack(0x0000005687280000,0x0000005687380000)]
  0x000002056dd33d30 JavaThread "Execution worker Thread 2" [_thread_blocked, id=35836, stack(0x0000005687380000,0x0000005687480000)]
  0x000002056dd30fa0 JavaThread "Execution worker Thread 3" [_thread_blocked, id=24556, stack(0x0000005687480000,0x0000005687580000)]
  0x000002056dd2c8c0 JavaThread "Execution worker Thread 4" [_thread_blocked, id=13760, stack(0x0000005687580000,0x0000005687680000)]
  0x000002056dd34240 JavaThread "Execution worker Thread 5" [_thread_blocked, id=28868, stack(0x0000005687680000,0x0000005687780000)]
  0x0000020570eb5e20 JavaThread "Execution worker Thread 6" [_thread_blocked, id=42844, stack(0x0000005687780000,0x0000005687880000)]
  0x0000020570ebbe50 JavaThread "Execution worker Thread 7" [_thread_blocked, id=35520, stack(0x0000005687880000,0x0000005687980000)]
  0x0000020570ebc870 JavaThread "Execution worker Thread 8" [_thread_blocked, id=44344, stack(0x0000005687980000,0x0000005687a80000)]
  0x0000020570eb5910 JavaThread "Execution worker Thread 9" [_thread_blocked, id=37324, stack(0x0000005687a80000,0x0000005687b80000)]
  0x0000020570eb6d50 JavaThread "Execution worker Thread 10" [_thread_blocked, id=36268, stack(0x0000005687b80000,0x0000005687c80000)]
  0x0000020570ebaa10 JavaThread "Execution worker Thread 11" [_thread_blocked, id=42512, stack(0x0000005687c80000,0x0000005687d80000)]
  0x0000020570eb7260 JavaThread "Cache worker for execution history cache (D:\alex\book_smart_industry\node_modules\@react-native\gradle-plugin\.gradle\8.3\executionHistory)" [_thread_blocked, id=36540, stack(0x0000005687d80000,0x0000005687e80000)]
  0x0000020570ebcd80 JavaThread "Unconstrained build operations Thread 14" [_thread_blocked, id=13816, stack(0x0000005687e80000,0x0000005687f80000)]
  0x0000020570eb95d0 JavaThread "Unconstrained build operations Thread 15" [_thread_blocked, id=44316, stack(0x0000005687f80000,0x0000005688080000)]
  0x0000020570eb7770 JavaThread "Unconstrained build operations Thread 16" [_thread_blocked, id=15996, stack(0x0000005688080000,0x0000005688180000)]
  0x0000020570ebb940 JavaThread "Unconstrained build operations Thread 17" [_thread_blocked, id=21108, stack(0x0000005688180000,0x0000005688280000)]
  0x0000020570eb9ae0 JavaThread "Unconstrained build operations Thread 18" [_thread_blocked, id=48836, stack(0x0000005688280000,0x0000005688380000)]
  0x0000020570ebd290 JavaThread "Unconstrained build operations Thread 19" [_thread_blocked, id=47468, stack(0x0000005688380000,0x0000005688480000)]
  0x0000020570ebc360 JavaThread "Unconstrained build operations Thread 20" [_thread_blocked, id=25128, stack(0x0000005688480000,0x0000005688580000)]
  0x0000020570eb8bb0 JavaThread "Unconstrained build operations Thread 21" [_thread_blocked, id=32592, stack(0x0000005688580000,0x0000005688680000)]
  0x0000020570eba500 JavaThread "Unconstrained build operations Thread 22" [_thread_blocked, id=44588, stack(0x0000005688680000,0x0000005688780000)]
  0x0000020570eb90c0 JavaThread "Unconstrained build operations Thread 23" [_thread_blocked, id=7844, stack(0x0000005688780000,0x0000005688880000)]
  0x0000020570eb6330 JavaThread "Unconstrained build operations Thread 24" [_thread_blocked, id=39780, stack(0x0000005688880000,0x0000005688980000)]
  0x0000020570eb6840 JavaThread "Unconstrained build operations Thread 25" [_thread_blocked, id=48776, stack(0x0000005682380000,0x0000005682480000)]
  0x0000020570eb7c80 JavaThread "Unconstrained build operations Thread 26" [_thread_blocked, id=16620, stack(0x0000005686180000,0x0000005686280000)]
  0x0000020570eb86a0 JavaThread "Unconstrained build operations Thread 27" [_thread_blocked, id=49844, stack(0x0000005688a80000,0x0000005688b80000)]
  0x0000020570eb9ff0 JavaThread "Unconstrained build operations Thread 28" [_thread_blocked, id=4368, stack(0x0000005688b80000,0x0000005688c80000)]
  0x0000020570ebaf20 JavaThread "Unconstrained build operations Thread 29" [_thread_blocked, id=35824, stack(0x0000005688c80000,0x0000005688d80000)]
  0x0000020570ebb430 JavaThread "Unconstrained build operations Thread 30" [_thread_blocked, id=30388, stack(0x0000005688d80000,0x0000005688e80000)]
  0x00000205711e9660 JavaThread "Unconstrained build operations Thread 31" [_thread_blocked, id=8828, stack(0x0000005688e80000,0x0000005688f80000)]
  0x00000205711ea590 JavaThread "Unconstrained build operations Thread 32" [_thread_blocked, id=40520, stack(0x0000005688f80000,0x0000005689080000)]
  0x00000205711eafb0 JavaThread "Unconstrained build operations Thread 33" [_thread_blocked, id=51540, stack(0x0000005689080000,0x0000005689180000)]
  0x00000205711e9b70 JavaThread "Unconstrained build operations Thread 34" [_thread_blocked, id=30080, stack(0x0000005689180000,0x0000005689280000)]
  0x00000205711eb9d0 JavaThread "Unconstrained build operations Thread 35" [_thread_blocked, id=49436, stack(0x0000005689280000,0x0000005689380000)]
  0x00000205711e8730 JavaThread "Unconstrained build operations Thread 36" [_thread_blocked, id=46092, stack(0x0000005689380000,0x0000005689480000)]
  0x00000205711ea080 JavaThread "Unconstrained build operations Thread 37" [_thread_blocked, id=20360, stack(0x0000005689480000,0x0000005689580000)]
  0x0000020571b88ed0 JavaThread "C2 CompilerThread1" daemon [_thread_in_native, id=23444, stack(0x0000005689680000,0x0000005689780000)]
  0x00000205711e8c40 JavaThread "Unconstrained build operations Thread 38" [_thread_blocked, id=10984, stack(0x0000005689880000,0x0000005689980000)]

Other Threads:
  0x00000205682c6160 VMThread "VM Thread" [stack: 0x0000005680800000,0x0000005680900000] [id=51880]
  0x00000205684f7f80 WatcherThread [stack: 0x0000005682240000,0x0000005682340000] [id=27224]
  0x0000020547aff010 GCTaskThread "GC Thread#0" [stack: 0x0000005680300000,0x0000005680400000] [id=52168]
  0x000002056e5798d0 GCTaskThread "GC Thread#1" [stack: 0x0000005682480000,0x0000005682580000] [id=20112]
  0x000002056e5193c0 GCTaskThread "GC Thread#2" [stack: 0x0000005682580000,0x0000005682680000] [id=10536]
  0x000002056e0fff80 GCTaskThread "GC Thread#3" [stack: 0x0000005682680000,0x0000005682780000] [id=33728]
  0x000002056e3bbdd0 GCTaskThread "GC Thread#4" [stack: 0x0000005682780000,0x0000005682880000] [id=29620]
  0x00000205689df880 GCTaskThread "GC Thread#5" [stack: 0x0000005682880000,0x0000005682980000] [id=40364]
  0x00000205689dfb40 GCTaskThread "GC Thread#6" [stack: 0x0000005682980000,0x0000005682a80000] [id=51744]
  0x00000205689dfe00 GCTaskThread "GC Thread#7" [stack: 0x0000005682a80000,0x0000005682b80000] [id=41052]
  0x00000205689e00c0 GCTaskThread "GC Thread#8" [stack: 0x0000005682b80000,0x0000005682c80000] [id=47488]
  0x000002056de765f0 GCTaskThread "GC Thread#9" [stack: 0x0000005682c80000,0x0000005682d80000] [id=49292]
  0x0000020547b0ff60 ConcurrentGCThread "G1 Main Marker" [stack: 0x0000005680400000,0x0000005680500000] [id=40752]
  0x0000020547b10970 ConcurrentGCThread "G1 Conc#0" [stack: 0x0000005680500000,0x0000005680600000] [id=24668]
  0x000002056f886c70 ConcurrentGCThread "G1 Conc#1" [stack: 0x0000005684080000,0x0000005684180000] [id=18012]
  0x000002056f886f30 ConcurrentGCThread "G1 Conc#2" [stack: 0x0000005684180000,0x0000005684280000] [id=48092]
  0x0000020547b6ecb0 ConcurrentGCThread "G1 Refine#0" [stack: 0x0000005680600000,0x0000005680700000] [id=34040]
  0x00000205680fc7c0 ConcurrentGCThread "G1 Service" [stack: 0x0000005680700000,0x0000005680800000] [id=15644]

Threads with active compile tasks:
C2 CompilerThread0    37960 10451       4       org.objectweb.asm.MethodWriter::visitLabel (328 bytes)
C2 CompilerThread1    37960 10418       4       org.codehaus.groovy.reflection.stdclasses.CachedSAMClass$$Lambda$394/0x00000205013b6a50::test (12 bytes)

VM state: not at safepoint (normal execution)

VM Mutex/Monitor currently owned by a thread:  ([mutex/lock_event])
[0x0000020547847fd0] Metaspace_lock - owner thread: 0x000002056e04ef60

Heap address: 0x0000000080000000, size: 2048 MB, Compressed Oops mode: 32-bit

CDS archive(s) mapped at: [0x0000020500000000-0x0000020500bd0000-0x0000020500bd0000), size 12386304, SharedBaseAddress: 0x0000020500000000, ArchiveRelocationMode: 1.
Compressed class space mapped at: 0x0000020501000000-0x000002051b000000, reserved size: 436207616
Narrow klass base: 0x0000020500000000, Narrow klass shift: 0, Narrow klass range: 0x100000000

GC Precious Log:
 CPUs: 12 total, 12 available
 Memory: 65406M
 Large Page Support: Disabled
 NUMA Support: Disabled
 Compressed Oops: Enabled (32-bit)
 Heap Region Size: 1M
 Heap Min Capacity: 8M
 Heap Initial Capacity: 1022M
 Heap Max Capacity: 2G
 Pre-touch: Disabled
 Parallel Workers: 10
 Concurrent Workers: 3
 Concurrent Refinement Workers: 10
 Periodic GC: Disabled

Heap:
 garbage-first heap   total 242688K, used 135923K [0x0000000080000000, 0x0000000100000000)
  region size 1024K, 45 young (46080K), 11 survivors (11264K)
 Metaspace       used 87019K, committed 87872K, reserved 557056K
  class space    used 12295K, committed 12672K, reserved 425984K

Heap Regions: E=young(eden), S=young(survivor), O=old, HS=humongous(starts), HC=humongous(continues), CS=collection set, F=free, OA=open archive, CA=closed archive, TAMS=top-at-mark-start (previous, next)
|   0|0x0000000080000000, 0x0000000080100000, 0x0000000080100000|100%|HS|  |TAMS 0x0000000080100000, 0x0000000080000000| Complete 
|   1|0x0000000080100000, 0x0000000080200000, 0x0000000080200000|100%|HC|  |TAMS 0x0000000080200000, 0x0000000080100000| Complete 
|   2|0x0000000080200000, 0x0000000080300000, 0x0000000080300000|100%|HC|  |TAMS 0x0000000080300000, 0x0000000080200000| Complete 
|   3|0x0000000080300000, 0x0000000080400000, 0x0000000080400000|100%|HC|  |TAMS 0x0000000080400000, 0x0000000080300000| Complete 
|   4|0x0000000080400000, 0x0000000080500000, 0x0000000080500000|100%| O|  |TAMS 0x0000000080500000, 0x0000000080400000| Untracked 
|   5|0x0000000080500000, 0x0000000080600000, 0x0000000080600000|100%| O|  |TAMS 0x0000000080600000, 0x0000000080500000| Untracked 
|   6|0x0000000080600000, 0x0000000080700000, 0x0000000080700000|100%| O|  |TAMS 0x0000000080700000, 0x0000000080600000| Untracked 
|   7|0x0000000080700000, 0x0000000080800000, 0x0000000080800000|100%| O|  |TAMS 0x0000000080800000, 0x0000000080700000| Untracked 
|   8|0x0000000080800000, 0x0000000080900000, 0x0000000080900000|100%| O|  |TAMS 0x0000000080900000, 0x0000000080800000| Untracked 
|   9|0x0000000080900000, 0x0000000080a00000, 0x0000000080a00000|100%| O|  |TAMS 0x0000000080a00000, 0x0000000080900000| Untracked 
|  10|0x0000000080a00000, 0x0000000080b00000, 0x0000000080b00000|100%| O|  |TAMS 0x0000000080b00000, 0x0000000080a00000| Untracked 
|  11|0x0000000080b00000, 0x0000000080c00000, 0x0000000080c00000|100%| O|  |TAMS 0x0000000080c00000, 0x0000000080b00000| Untracked 
|  12|0x0000000080c00000, 0x0000000080d00000, 0x0000000080d00000|100%| O|  |TAMS 0x0000000080d00000, 0x0000000080c00000| Untracked 
|  13|0x0000000080d00000, 0x0000000080e00000, 0x0000000080e00000|100%| O|  |TAMS 0x0000000080e00000, 0x0000000080d00000| Untracked 
|  14|0x0000000080e00000, 0x0000000080f00000, 0x0000000080f00000|100%| O|  |TAMS 0x0000000080f00000, 0x0000000080e00000| Untracked 
|  15|0x0000000080f00000, 0x0000000081000000, 0x0000000081000000|100%| O|  |TAMS 0x0000000081000000, 0x0000000080f00000| Untracked 
|  16|0x0000000081000000, 0x0000000081100000, 0x0000000081100000|100%| O|  |TAMS 0x0000000081100000, 0x0000000081000000| Untracked 
|  17|0x0000000081100000, 0x0000000081200000, 0x0000000081200000|100%| O|  |TAMS 0x0000000081200000, 0x0000000081100000| Untracked 
|  18|0x0000000081200000, 0x00000000812af600, 0x0000000081300000| 68%| O|  |TAMS 0x00000000812af600, 0x0000000081200000| Untracked 
|  19|0x0000000081300000, 0x0000000081400000, 0x0000000081400000|100%| O|  |TAMS 0x0000000081400000, 0x0000000081300000| Untracked 
|  20|0x0000000081400000, 0x0000000081500000, 0x0000000081500000|100%| O|  |TAMS 0x0000000081500000, 0x0000000081400000| Untracked 
|  21|0x0000000081500000, 0x0000000081600000, 0x0000000081600000|100%| O|  |TAMS 0x0000000081600000, 0x0000000081500000| Untracked 
|  22|0x0000000081600000, 0x0000000081700000, 0x0000000081700000|100%| O|  |TAMS 0x0000000081700000, 0x0000000081600000| Untracked 
|  23|0x0000000081700000, 0x0000000081800000, 0x0000000081800000|100%| O|  |TAMS 0x0000000081800000, 0x0000000081700000| Untracked 
|  24|0x0000000081800000, 0x0000000081900000, 0x0000000081900000|100%| O|  |TAMS 0x0000000081900000, 0x0000000081800000| Untracked 
|  25|0x0000000081900000, 0x0000000081a00000, 0x0000000081a00000|100%| O|  |TAMS 0x0000000081a00000, 0x0000000081900000| Untracked 
|  26|0x0000000081a00000, 0x0000000081b00000, 0x0000000081b00000|100%| O|  |TAMS 0x0000000081b00000, 0x0000000081a00000| Untracked 
|  27|0x0000000081b00000, 0x0000000081c00000, 0x0000000081c00000|100%| O|  |TAMS 0x0000000081c00000, 0x0000000081b00000| Untracked 
|  28|0x0000000081c00000, 0x0000000081d00000, 0x0000000081d00000|100%| O|  |TAMS 0x0000000081d00000, 0x0000000081c00000| Untracked 
|  29|0x0000000081d00000, 0x0000000081e00000, 0x0000000081e00000|100%| O|  |TAMS 0x0000000081e00000, 0x0000000081d00000| Untracked 
|  30|0x0000000081e00000, 0x0000000081f00000, 0x0000000081f00000|100%|HS|  |TAMS 0x0000000081f00000, 0x0000000081e00000| Complete 
|  31|0x0000000081f00000, 0x0000000082000000, 0x0000000082000000|100%|HC|  |TAMS 0x0000000082000000, 0x0000000081f00000| Complete 
|  32|0x0000000082000000, 0x0000000082100000, 0x0000000082100000|100%| O|  |TAMS 0x0000000082100000, 0x0000000082000000| Untracked 
|  33|0x0000000082100000, 0x0000000082200000, 0x0000000082200000|100%| O|  |TAMS 0x0000000082200000, 0x0000000082100000| Untracked 
|  34|0x0000000082200000, 0x0000000082300000, 0x0000000082300000|100%| O|  |TAMS 0x0000000082300000, 0x0000000082200000| Untracked 
|  35|0x0000000082300000, 0x0000000082400000, 0x0000000082400000|100%| O|  |TAMS 0x0000000082400000, 0x0000000082300000| Untracked 
|  36|0x0000000082400000, 0x0000000082500000, 0x0000000082500000|100%| O|  |TAMS 0x0000000082500000, 0x0000000082400000| Untracked 
|  37|0x0000000082500000, 0x0000000082600000, 0x0000000082600000|100%| O|  |TAMS 0x0000000082600000, 0x0000000082500000| Untracked 
|  38|0x0000000082600000, 0x0000000082700000, 0x0000000082700000|100%| O|  |TAMS 0x0000000082700000, 0x0000000082600000| Untracked 
|  39|0x0000000082700000, 0x0000000082800000, 0x0000000082800000|100%| O|  |TAMS 0x0000000082800000, 0x0000000082700000| Untracked 
|  40|0x0000000082800000, 0x0000000082900000, 0x0000000082900000|100%|HS|  |TAMS 0x0000000082900000, 0x0000000082800000| Complete 
|  41|0x0000000082900000, 0x0000000082a00000, 0x0000000082a00000|100%|HC|  |TAMS 0x0000000082a00000, 0x0000000082900000| Complete 
|  42|0x0000000082a00000, 0x0000000082b00000, 0x0000000082b00000|100%| O|  |TAMS 0x0000000082b00000, 0x0000000082a00000| Untracked 
|  43|0x0000000082b00000, 0x0000000082c00000, 0x0000000082c00000|100%| O|  |TAMS 0x0000000082c00000, 0x0000000082b00000| Untracked 
|  44|0x0000000082c00000, 0x0000000082d00000, 0x0000000082d00000|100%|HS|  |TAMS 0x0000000082c00000, 0x0000000082c00000| Complete 
|  45|0x0000000082d00000, 0x0000000082e00000, 0x0000000082e00000|100%|HS|  |TAMS 0x0000000082e00000, 0x0000000082d00000| Complete 
|  46|0x0000000082e00000, 0x0000000082f00000, 0x0000000082f00000|100%|HC|  |TAMS 0x0000000082f00000, 0x0000000082e00000| Complete 
|  47|0x0000000082f00000, 0x0000000083000000, 0x0000000083000000|100%|HC|  |TAMS 0x0000000083000000, 0x0000000082f00000| Complete 
|  48|0x0000000083000000, 0x0000000083100000, 0x0000000083100000|100%|HC|  |TAMS 0x0000000083100000, 0x0000000083000000| Complete 
|  49|0x0000000083100000, 0x00000000831ffff8, 0x0000000083200000| 99%| O|  |TAMS 0x00000000831ffff8, 0x0000000083100000| Untracked 
|  50|0x0000000083200000, 0x0000000083300000, 0x0000000083300000|100%| O|  |TAMS 0x0000000083300000, 0x0000000083200000| Untracked 
|  51|0x0000000083300000, 0x0000000083400000, 0x0000000083400000|100%| O|  |TAMS 0x0000000083400000, 0x0000000083300000| Untracked 
|  52|0x0000000083400000, 0x0000000083500000, 0x0000000083500000|100%|HS|  |TAMS 0x0000000083500000, 0x0000000083400000| Complete 
|  53|0x0000000083500000, 0x0000000083600000, 0x0000000083600000|100%|HC|  |TAMS 0x0000000083600000, 0x0000000083500000| Complete 
|  54|0x0000000083600000, 0x0000000083700000, 0x0000000083700000|100%|HC|  |TAMS 0x0000000083700000, 0x0000000083600000| Complete 
|  55|0x0000000083700000, 0x0000000083800000, 0x0000000083800000|100%|HC|  |TAMS 0x0000000083800000, 0x0000000083700000| Complete 
|  56|0x0000000083800000, 0x0000000083900000, 0x0000000083900000|100%| O|  |TAMS 0x0000000083900000, 0x0000000083800000| Untracked 
|  57|0x0000000083900000, 0x0000000083a00000, 0x0000000083a00000|100%| O|  |TAMS 0x0000000083a00000, 0x0000000083900000| Untracked 
|  58|0x0000000083a00000, 0x0000000083b00000, 0x0000000083b00000|100%| O|  |TAMS 0x0000000083b00000, 0x0000000083a00000| Untracked 
|  59|0x0000000083b00000, 0x0000000083c00000, 0x0000000083c00000|100%| O|  |TAMS 0x0000000083c00000, 0x0000000083b00000| Untracked 
|  60|0x0000000083c00000, 0x0000000083d00000, 0x0000000083d00000|100%| O|  |TAMS 0x0000000083d00000, 0x0000000083c00000| Untracked 
|  61|0x0000000083d00000, 0x0000000083e00000, 0x0000000083e00000|100%| O|  |TAMS 0x0000000083e00000, 0x0000000083d00000| Untracked 
|  62|0x0000000083e00000, 0x0000000083f00000, 0x0000000083f00000|100%| O|  |TAMS 0x0000000083f00000, 0x0000000083e00000| Untracked 
|  63|0x0000000083f00000, 0x0000000084000000, 0x0000000084000000|100%| O|  |TAMS 0x0000000084000000, 0x0000000083f00000| Untracked 
|  64|0x0000000084000000, 0x0000000084100000, 0x0000000084100000|100%| O|  |TAMS 0x0000000084100000, 0x0000000084000000| Untracked 
|  65|0x0000000084100000, 0x0000000084200000, 0x0000000084200000|100%| O|  |TAMS 0x0000000084100000, 0x0000000084100000| Untracked 
|  66|0x0000000084200000, 0x0000000084300000, 0x0000000084300000|100%|HS|  |TAMS 0x0000000084200000, 0x0000000084200000| Complete 
|  67|0x0000000084300000, 0x0000000084400000, 0x0000000084400000|100%|HS|  |TAMS 0x0000000084300000, 0x0000000084300000| Complete 
|  68|0x0000000084400000, 0x0000000084500000, 0x0000000084500000|100%| O|  |TAMS 0x0000000084400000, 0x0000000084400000| Untracked 
|  69|0x0000000084500000, 0x0000000084600000, 0x0000000084600000|100%|HS|  |TAMS 0x0000000084500000, 0x0000000084500000| Complete 
|  70|0x0000000084600000, 0x0000000084700000, 0x0000000084700000|100%| O|  |TAMS 0x0000000084600000, 0x0000000084600000| Untracked 
|  71|0x0000000084700000, 0x0000000084800000, 0x0000000084800000|100%| O|  |TAMS 0x0000000084700000, 0x0000000084700000| Untracked 
|  72|0x0000000084800000, 0x0000000084900000, 0x0000000084900000|100%| O|  |TAMS 0x0000000084800000, 0x0000000084800000| Untracked 
|  73|0x0000000084900000, 0x0000000084a00000, 0x0000000084a00000|100%| O|  |TAMS 0x0000000084900000, 0x0000000084900000| Untracked 
|  74|0x0000000084a00000, 0x0000000084b00000, 0x0000000084b00000|100%| O|  |TAMS 0x0000000084a00000, 0x0000000084a00000| Untracked 
|  75|0x0000000084b00000, 0x0000000084c00000, 0x0000000084c00000|100%| O|  |TAMS 0x0000000084b00000, 0x0000000084b00000| Untracked 
|  76|0x0000000084c00000, 0x0000000084d00000, 0x0000000084d00000|100%| O|  |TAMS 0x0000000084c00000, 0x0000000084c00000| Untracked 
|  77|0x0000000084d00000, 0x0000000084e00000, 0x0000000084e00000|100%| O|  |TAMS 0x0000000084d00000, 0x0000000084d00000| Untracked 
|  78|0x0000000084e00000, 0x0000000084f00000, 0x0000000084f00000|100%| O|  |TAMS 0x0000000084e00000, 0x0000000084e00000| Untracked 
|  79|0x0000000084f00000, 0x0000000085000000, 0x0000000085000000|100%| O|  |TAMS 0x0000000084f00000, 0x0000000084f00000| Untracked 
|  80|0x0000000085000000, 0x0000000085100000, 0x0000000085100000|100%| O|  |TAMS 0x0000000085000000, 0x0000000085000000| Untracked 
|  81|0x0000000085100000, 0x0000000085200000, 0x0000000085200000|100%| O|  |TAMS 0x0000000085100000, 0x0000000085100000| Untracked 
|  82|0x0000000085200000, 0x0000000085300000, 0x0000000085300000|100%| O|  |TAMS 0x0000000085200000, 0x0000000085200000| Untracked 
|  83|0x0000000085300000, 0x0000000085400000, 0x0000000085400000|100%| O|  |TAMS 0x0000000085300000, 0x0000000085300000| Untracked 
|  84|0x0000000085400000, 0x0000000085500000, 0x0000000085500000|100%| O|  |TAMS 0x0000000085400000, 0x0000000085400000| Untracked 
|  85|0x0000000085500000, 0x0000000085600000, 0x0000000085600000|100%| O|  |TAMS 0x0000000085500000, 0x0000000085500000| Untracked 
|  86|0x0000000085600000, 0x0000000085700000, 0x0000000085700000|100%| O|  |TAMS 0x0000000085600000, 0x0000000085600000| Untracked 
|  87|0x0000000085700000, 0x0000000085800000, 0x0000000085800000|100%| O|  |TAMS 0x0000000085700000, 0x0000000085700000| Untracked 
|  88|0x0000000085800000, 0x0000000085900000, 0x0000000085900000|100%| O|  |TAMS 0x0000000085800000, 0x0000000085800000| Untracked 
|  89|0x0000000085900000, 0x000000008590da00, 0x0000000085a00000|  5%| O|  |TAMS 0x0000000085900000, 0x0000000085900000| Untracked 
|  90|0x0000000085a00000, 0x0000000085a00000, 0x0000000085b00000|  0%| F|  |TAMS 0x0000000085a00000, 0x0000000085a00000| Untracked 
|  91|0x0000000085b00000, 0x0000000085b00000, 0x0000000085c00000|  0%| F|  |TAMS 0x0000000085b00000, 0x0000000085b00000| Untracked 
|  92|0x0000000085c00000, 0x0000000085c00000, 0x0000000085d00000|  0%| F|  |TAMS 0x0000000085c00000, 0x0000000085c00000| Untracked 
|  93|0x0000000085d00000, 0x0000000085d00000, 0x0000000085e00000|  0%| F|  |TAMS 0x0000000085d00000, 0x0000000085d00000| Untracked 
|  94|0x0000000085e00000, 0x0000000085e00000, 0x0000000085f00000|  0%| F|  |TAMS 0x0000000085e00000, 0x0000000085e00000| Untracked 
|  95|0x0000000085f00000, 0x0000000085f00000, 0x0000000086000000|  0%| F|  |TAMS 0x0000000085f00000, 0x0000000085f00000| Untracked 
|  96|0x0000000086000000, 0x0000000086000000, 0x0000000086100000|  0%| F|  |TAMS 0x0000000086000000, 0x0000000086000000| Untracked 
|  97|0x0000000086100000, 0x0000000086100000, 0x0000000086200000|  0%| F|  |TAMS 0x0000000086100000, 0x0000000086100000| Untracked 
|  98|0x0000000086200000, 0x0000000086200000, 0x0000000086300000|  0%| F|  |TAMS 0x0000000086200000, 0x0000000086200000| Untracked 
|  99|0x0000000086300000, 0x0000000086300000, 0x0000000086400000|  0%| F|  |TAMS 0x0000000086300000, 0x0000000086300000| Untracked 
| 100|0x0000000086400000, 0x0000000086400000, 0x0000000086500000|  0%| F|  |TAMS 0x0000000086400000, 0x0000000086400000| Untracked 
| 101|0x0000000086500000, 0x0000000086500000, 0x0000000086600000|  0%| F|  |TAMS 0x0000000086500000, 0x0000000086500000| Untracked 
| 102|0x0000000086600000, 0x0000000086600000, 0x0000000086700000|  0%| F|  |TAMS 0x0000000086600000, 0x0000000086600000| Untracked 
| 103|0x0000000086700000, 0x0000000086700000, 0x0000000086800000|  0%| F|  |TAMS 0x0000000086700000, 0x0000000086700000| Untracked 
| 104|0x0000000086800000, 0x0000000086800000, 0x0000000086900000|  0%| F|  |TAMS 0x0000000086800000, 0x0000000086800000| Untracked 
| 105|0x0000000086900000, 0x0000000086900000, 0x0000000086a00000|  0%| F|  |TAMS 0x0000000086900000, 0x0000000086900000| Untracked 
| 106|0x0000000086a00000, 0x0000000086a00000, 0x0000000086b00000|  0%| F|  |TAMS 0x0000000086a00000, 0x0000000086a00000| Untracked 
| 107|0x0000000086b00000, 0x0000000086b00000, 0x0000000086c00000|  0%| F|  |TAMS 0x0000000086b00000, 0x0000000086b00000| Untracked 
| 108|0x0000000086c00000, 0x0000000086c00000, 0x0000000086d00000|  0%| F|  |TAMS 0x0000000086c00000, 0x0000000086c00000| Untracked 
| 109|0x0000000086d00000, 0x0000000086d00000, 0x0000000086e00000|  0%| F|  |TAMS 0x0000000086d00000, 0x0000000086d00000| Untracked 
| 110|0x0000000086e00000, 0x0000000086e00000, 0x0000000086f00000|  0%| F|  |TAMS 0x0000000086e00000, 0x0000000086e00000| Untracked 
| 111|0x0000000086f00000, 0x0000000086f00000, 0x0000000087000000|  0%| F|  |TAMS 0x0000000086f00000, 0x0000000086f00000| Untracked 
| 112|0x0000000087000000, 0x0000000087000000, 0x0000000087100000|  0%| F|  |TAMS 0x0000000087000000, 0x0000000087000000| Untracked 
| 113|0x0000000087100000, 0x0000000087100000, 0x0000000087200000|  0%| F|  |TAMS 0x0000000087100000, 0x0000000087100000| Untracked 
| 114|0x0000000087200000, 0x0000000087200000, 0x0000000087300000|  0%| F|  |TAMS 0x0000000087200000, 0x0000000087200000| Untracked 
| 115|0x0000000087300000, 0x0000000087300000, 0x0000000087400000|  0%| F|  |TAMS 0x0000000087300000, 0x0000000087300000| Untracked 
| 116|0x0000000087400000, 0x0000000087400000, 0x0000000087500000|  0%| F|  |TAMS 0x0000000087400000, 0x0000000087400000| Untracked 
| 117|0x0000000087500000, 0x0000000087500000, 0x0000000087600000|  0%| F|  |TAMS 0x0000000087500000, 0x0000000087500000| Untracked 
| 118|0x0000000087600000, 0x0000000087600000, 0x0000000087700000|  0%| F|  |TAMS 0x0000000087600000, 0x0000000087600000| Untracked 
| 119|0x0000000087700000, 0x0000000087700000, 0x0000000087800000|  0%| F|  |TAMS 0x0000000087700000, 0x0000000087700000| Untracked 
| 120|0x0000000087800000, 0x0000000087800000, 0x0000000087900000|  0%| F|  |TAMS 0x0000000087800000, 0x0000000087800000| Untracked 
| 121|0x0000000087900000, 0x0000000087900000, 0x0000000087a00000|  0%| F|  |TAMS 0x0000000087900000, 0x0000000087900000| Untracked 
| 122|0x0000000087a00000, 0x0000000087a00000, 0x0000000087b00000|  0%| F|  |TAMS 0x0000000087a00000, 0x0000000087a00000| Untracked 
| 123|0x0000000087b00000, 0x0000000087b00000, 0x0000000087c00000|  0%| F|  |TAMS 0x0000000087b00000, 0x0000000087b00000| Untracked 
| 124|0x0000000087c00000, 0x0000000087c00000, 0x0000000087d00000|  0%| F|  |TAMS 0x0000000087c00000, 0x0000000087c00000| Untracked 
| 125|0x0000000087d00000, 0x0000000087d00000, 0x0000000087e00000|  0%| F|  |TAMS 0x0000000087d00000, 0x0000000087d00000| Untracked 
| 126|0x0000000087e00000, 0x0000000087e00000, 0x0000000087f00000|  0%| F|  |TAMS 0x0000000087e00000, 0x0000000087e00000| Untracked 
| 127|0x0000000087f00000, 0x0000000087f00000, 0x0000000088000000|  0%| F|  |TAMS 0x0000000087f00000, 0x0000000087f00000| Untracked 
| 128|0x0000000088000000, 0x0000000088000000, 0x0000000088100000|  0%| F|  |TAMS 0x0000000088000000, 0x0000000088000000| Untracked 
| 129|0x0000000088100000, 0x0000000088100000, 0x0000000088200000|  0%| F|  |TAMS 0x0000000088100000, 0x0000000088100000| Untracked 
| 130|0x0000000088200000, 0x0000000088200000, 0x0000000088300000|  0%| F|  |TAMS 0x0000000088200000, 0x0000000088200000| Untracked 
| 131|0x0000000088300000, 0x0000000088400000, 0x0000000088400000|100%| S|CS|TAMS 0x0000000088300000, 0x0000000088300000| Complete 
| 132|0x0000000088400000, 0x0000000088500000, 0x0000000088500000|100%| S|CS|TAMS 0x0000000088400000, 0x0000000088400000| Complete 
| 133|0x0000000088500000, 0x0000000088600000, 0x0000000088600000|100%| S|CS|TAMS 0x0000000088500000, 0x0000000088500000| Complete 
| 134|0x0000000088600000, 0x0000000088700000, 0x0000000088700000|100%| S|CS|TAMS 0x0000000088600000, 0x0000000088600000| Complete 
| 135|0x0000000088700000, 0x0000000088700000, 0x0000000088800000|  0%| F|  |TAMS 0x0000000088700000, 0x0000000088700000| Untracked 
| 136|0x0000000088800000, 0x0000000088800000, 0x0000000088900000|  0%| F|  |TAMS 0x0000000088800000, 0x0000000088800000| Untracked 
| 137|0x0000000088900000, 0x0000000088a00000, 0x0000000088a00000|100%| S|CS|TAMS 0x0000000088900000, 0x0000000088900000| Complete 
| 138|0x0000000088a00000, 0x0000000088b00000, 0x0000000088b00000|100%| S|CS|TAMS 0x0000000088a00000, 0x0000000088a00000| Complete 
| 139|0x0000000088b00000, 0x0000000088c00000, 0x0000000088c00000|100%| S|CS|TAMS 0x0000000088b00000, 0x0000000088b00000| Complete 
| 140|0x0000000088c00000, 0x0000000088d00000, 0x0000000088d00000|100%| S|CS|TAMS 0x0000000088c00000, 0x0000000088c00000| Complete 
| 141|0x0000000088d00000, 0x0000000088e00000, 0x0000000088e00000|100%| S|CS|TAMS 0x0000000088d00000, 0x0000000088d00000| Complete 
| 142|0x0000000088e00000, 0x0000000088f00000, 0x0000000088f00000|100%| S|CS|TAMS 0x0000000088e00000, 0x0000000088e00000| Complete 
| 143|0x0000000088f00000, 0x0000000089000000, 0x0000000089000000|100%| S|CS|TAMS 0x0000000088f00000, 0x0000000088f00000| Complete 
| 144|0x0000000089000000, 0x0000000089000000, 0x0000000089100000|  0%| F|  |TAMS 0x0000000089000000, 0x0000000089000000| Untracked 
| 145|0x0000000089100000, 0x0000000089100000, 0x0000000089200000|  0%| F|  |TAMS 0x0000000089100000, 0x0000000089100000| Untracked 
| 146|0x0000000089200000, 0x0000000089200000, 0x0000000089300000|  0%| F|  |TAMS 0x0000000089200000, 0x0000000089200000| Untracked 
| 147|0x0000000089300000, 0x0000000089300000, 0x0000000089400000|  0%| F|  |TAMS 0x0000000089300000, 0x0000000089300000| Untracked 
| 148|0x0000000089400000, 0x0000000089400000, 0x0000000089500000|  0%| F|  |TAMS 0x0000000089400000, 0x0000000089400000| Untracked 
| 149|0x0000000089500000, 0x0000000089500000, 0x0000000089600000|  0%| F|  |TAMS 0x0000000089500000, 0x0000000089500000| Untracked 
| 150|0x0000000089600000, 0x0000000089600000, 0x0000000089700000|  0%| F|  |TAMS 0x0000000089600000, 0x0000000089600000| Untracked 
| 151|0x0000000089700000, 0x0000000089700000, 0x0000000089800000|  0%| F|  |TAMS 0x0000000089700000, 0x0000000089700000| Untracked 
| 152|0x0000000089800000, 0x0000000089800000, 0x0000000089900000|  0%| F|  |TAMS 0x0000000089800000, 0x0000000089800000| Untracked 
| 153|0x0000000089900000, 0x0000000089900000, 0x0000000089a00000|  0%| F|  |TAMS 0x0000000089900000, 0x0000000089900000| Untracked 
| 154|0x0000000089a00000, 0x0000000089a00000, 0x0000000089b00000|  0%| F|  |TAMS 0x0000000089a00000, 0x0000000089a00000| Untracked 
| 155|0x0000000089b00000, 0x0000000089b00000, 0x0000000089c00000|  0%| F|  |TAMS 0x0000000089b00000, 0x0000000089b00000| Untracked 
| 156|0x0000000089c00000, 0x0000000089c00000, 0x0000000089d00000|  0%| F|  |TAMS 0x0000000089c00000, 0x0000000089c00000| Untracked 
| 157|0x0000000089d00000, 0x0000000089d00000, 0x0000000089e00000|  0%| F|  |TAMS 0x0000000089d00000, 0x0000000089d00000| Untracked 
| 158|0x0000000089e00000, 0x0000000089e00000, 0x0000000089f00000|  0%| F|  |TAMS 0x0000000089e00000, 0x0000000089e00000| Untracked 
| 159|0x0000000089f00000, 0x0000000089f00000, 0x000000008a000000|  0%| F|  |TAMS 0x0000000089f00000, 0x0000000089f00000| Untracked 
| 160|0x000000008a000000, 0x000000008a000000, 0x000000008a100000|  0%| F|  |TAMS 0x000000008a000000, 0x000000008a000000| Untracked 
| 161|0x000000008a100000, 0x000000008a100000, 0x000000008a200000|  0%| F|  |TAMS 0x000000008a100000, 0x000000008a100000| Untracked 
| 162|0x000000008a200000, 0x000000008a200000, 0x000000008a300000|  0%| F|  |TAMS 0x000000008a200000, 0x000000008a200000| Untracked 
| 163|0x000000008a300000, 0x000000008a300000, 0x000000008a400000|  0%| F|  |TAMS 0x000000008a300000, 0x000000008a300000| Untracked 
| 164|0x000000008a400000, 0x000000008a400000, 0x000000008a500000|  0%| F|  |TAMS 0x000000008a400000, 0x000000008a400000| Untracked 
| 165|0x000000008a500000, 0x000000008a500000, 0x000000008a600000|  0%| F|  |TAMS 0x000000008a500000, 0x000000008a500000| Untracked 
| 166|0x000000008a600000, 0x000000008a600000, 0x000000008a700000|  0%| F|  |TAMS 0x000000008a600000, 0x000000008a600000| Untracked 
| 167|0x000000008a700000, 0x000000008a700000, 0x000000008a800000|  0%| F|  |TAMS 0x000000008a700000, 0x000000008a700000| Untracked 
| 168|0x000000008a800000, 0x000000008a800000, 0x000000008a900000|  0%| F|  |TAMS 0x000000008a800000, 0x000000008a800000| Untracked 
| 169|0x000000008a900000, 0x000000008a900000, 0x000000008aa00000|  0%| F|  |TAMS 0x000000008a900000, 0x000000008a900000| Untracked 
| 170|0x000000008aa00000, 0x000000008aa00000, 0x000000008ab00000|  0%| F|  |TAMS 0x000000008aa00000, 0x000000008aa00000| Untracked 
| 171|0x000000008ab00000, 0x000000008ab00000, 0x000000008ac00000|  0%| F|  |TAMS 0x000000008ab00000, 0x000000008ab00000| Untracked 
| 172|0x000000008ac00000, 0x000000008ac00000, 0x000000008ad00000|  0%| F|  |TAMS 0x000000008ac00000, 0x000000008ac00000| Untracked 
| 173|0x000000008ad00000, 0x000000008ad00000, 0x000000008ae00000|  0%| F|  |TAMS 0x000000008ad00000, 0x000000008ad00000| Untracked 
| 174|0x000000008ae00000, 0x000000008ae00000, 0x000000008af00000|  0%| F|  |TAMS 0x000000008ae00000, 0x000000008ae00000| Untracked 
| 175|0x000000008af00000, 0x000000008af00000, 0x000000008b000000|  0%| F|  |TAMS 0x000000008af00000, 0x000000008af00000| Untracked 
| 176|0x000000008b000000, 0x000000008b000000, 0x000000008b100000|  0%| F|  |TAMS 0x000000008b000000, 0x000000008b000000| Untracked 
| 177|0x000000008b100000, 0x000000008b100000, 0x000000008b200000|  0%| F|  |TAMS 0x000000008b100000, 0x000000008b100000| Untracked 
| 178|0x000000008b200000, 0x000000008b200000, 0x000000008b300000|  0%| F|  |TAMS 0x000000008b200000, 0x000000008b200000| Untracked 
| 179|0x000000008b300000, 0x000000008b300000, 0x000000008b400000|  0%| F|  |TAMS 0x000000008b300000, 0x000000008b300000| Untracked 
| 180|0x000000008b400000, 0x000000008b400000, 0x000000008b500000|  0%| F|  |TAMS 0x000000008b400000, 0x000000008b400000| Untracked 
| 181|0x000000008b500000, 0x000000008b500000, 0x000000008b600000|  0%| F|  |TAMS 0x000000008b500000, 0x000000008b500000| Untracked 
| 182|0x000000008b600000, 0x000000008b600000, 0x000000008b700000|  0%| F|  |TAMS 0x000000008b600000, 0x000000008b600000| Untracked 
| 183|0x000000008b700000, 0x000000008b700000, 0x000000008b800000|  0%| F|  |TAMS 0x000000008b700000, 0x000000008b700000| Untracked 
| 184|0x000000008b800000, 0x000000008b800000, 0x000000008b900000|  0%| F|  |TAMS 0x000000008b800000, 0x000000008b800000| Untracked 
| 185|0x000000008b900000, 0x000000008b900000, 0x000000008ba00000|  0%| F|  |TAMS 0x000000008b900000, 0x000000008b900000| Untracked 
| 186|0x000000008ba00000, 0x000000008ba00000, 0x000000008bb00000|  0%| F|  |TAMS 0x000000008ba00000, 0x000000008ba00000| Untracked 
| 187|0x000000008bb00000, 0x000000008bb00000, 0x000000008bc00000|  0%| F|  |TAMS 0x000000008bb00000, 0x000000008bb00000| Untracked 
| 188|0x000000008bc00000, 0x000000008bc00000, 0x000000008bd00000|  0%| F|  |TAMS 0x000000008bc00000, 0x000000008bc00000| Untracked 
| 189|0x000000008bd00000, 0x000000008bd00000, 0x000000008be00000|  0%| F|  |TAMS 0x000000008bd00000, 0x000000008bd00000| Untracked 
| 190|0x000000008be00000, 0x000000008be00000, 0x000000008bf00000|  0%| F|  |TAMS 0x000000008be00000, 0x000000008be00000| Untracked 
| 191|0x000000008bf00000, 0x000000008bf00000, 0x000000008c000000|  0%| F|  |TAMS 0x000000008bf00000, 0x000000008bf00000| Untracked 
| 192|0x000000008c000000, 0x000000008c000000, 0x000000008c100000|  0%| F|  |TAMS 0x000000008c000000, 0x000000008c000000| Untracked 
| 193|0x000000008c100000, 0x000000008c100000, 0x000000008c200000|  0%| F|  |TAMS 0x000000008c100000, 0x000000008c100000| Untracked 
| 194|0x000000008c200000, 0x000000008c200000, 0x000000008c300000|  0%| F|  |TAMS 0x000000008c200000, 0x000000008c200000| Untracked 
| 195|0x000000008c300000, 0x000000008c300000, 0x000000008c400000|  0%| F|  |TAMS 0x000000008c300000, 0x000000008c300000| Untracked 
| 196|0x000000008c400000, 0x000000008c400000, 0x000000008c500000|  0%| F|  |TAMS 0x000000008c400000, 0x000000008c400000| Untracked 
| 197|0x000000008c500000, 0x000000008c500000, 0x000000008c600000|  0%| F|  |TAMS 0x000000008c500000, 0x000000008c500000| Untracked 
| 198|0x000000008c600000, 0x000000008c600000, 0x000000008c700000|  0%| F|  |TAMS 0x000000008c600000, 0x000000008c600000| Untracked 
| 199|0x000000008c700000, 0x000000008c700000, 0x000000008c800000|  0%| F|  |TAMS 0x000000008c700000, 0x000000008c700000| Untracked 
| 200|0x000000008c800000, 0x000000008c800000, 0x000000008c900000|  0%| F|  |TAMS 0x000000008c800000, 0x000000008c800000| Untracked 
| 201|0x000000008c900000, 0x000000008c900000, 0x000000008ca00000|  0%| F|  |TAMS 0x000000008c900000, 0x000000008c900000| Untracked 
| 202|0x000000008ca00000, 0x000000008ca00000, 0x000000008cb00000|  0%| F|  |TAMS 0x000000008ca00000, 0x000000008ca00000| Untracked 
| 203|0x000000008cb00000, 0x000000008cb80800, 0x000000008cc00000| 50%| E|  |TAMS 0x000000008cb00000, 0x000000008cb00000| Complete 
| 204|0x000000008cc00000, 0x000000008cd00000, 0x000000008cd00000|100%| E|CS|TAMS 0x000000008cc00000, 0x000000008cc00000| Complete 
| 205|0x000000008cd00000, 0x000000008ce00000, 0x000000008ce00000|100%| E|CS|TAMS 0x000000008cd00000, 0x000000008cd00000| Complete 
| 206|0x000000008ce00000, 0x000000008cf00000, 0x000000008cf00000|100%| E|CS|TAMS 0x000000008ce00000, 0x000000008ce00000| Complete 
| 207|0x000000008cf00000, 0x000000008d000000, 0x000000008d000000|100%| E|CS|TAMS 0x000000008cf00000, 0x000000008cf00000| Complete 
| 208|0x000000008d000000, 0x000000008d100000, 0x000000008d100000|100%| E|CS|TAMS 0x000000008d000000, 0x000000008d000000| Complete 
| 209|0x000000008d100000, 0x000000008d200000, 0x000000008d200000|100%| E|CS|TAMS 0x000000008d100000, 0x000000008d100000| Complete 
| 210|0x000000008d200000, 0x000000008d300000, 0x000000008d300000|100%| E|CS|TAMS 0x000000008d200000, 0x000000008d200000| Complete 
| 211|0x000000008d300000, 0x000000008d400000, 0x000000008d400000|100%| E|CS|TAMS 0x000000008d300000, 0x000000008d300000| Complete 
| 212|0x000000008d400000, 0x000000008d500000, 0x000000008d500000|100%| E|CS|TAMS 0x000000008d400000, 0x000000008d400000| Complete 
| 213|0x000000008d500000, 0x000000008d600000, 0x000000008d600000|100%| E|CS|TAMS 0x000000008d500000, 0x000000008d500000| Complete 
| 214|0x000000008d600000, 0x000000008d700000, 0x000000008d700000|100%| E|CS|TAMS 0x000000008d600000, 0x000000008d600000| Complete 
| 215|0x000000008d700000, 0x000000008d800000, 0x000000008d800000|100%| E|CS|TAMS 0x000000008d700000, 0x000000008d700000| Complete 
| 216|0x000000008d800000, 0x000000008d900000, 0x000000008d900000|100%| E|CS|TAMS 0x000000008d800000, 0x000000008d800000| Complete 
| 217|0x000000008d900000, 0x000000008da00000, 0x000000008da00000|100%| E|CS|TAMS 0x000000008d900000, 0x000000008d900000| Complete 
| 218|0x000000008da00000, 0x000000008db00000, 0x000000008db00000|100%| E|CS|TAMS 0x000000008da00000, 0x000000008da00000| Complete 
| 219|0x000000008db00000, 0x000000008dc00000, 0x000000008dc00000|100%| E|CS|TAMS 0x000000008db00000, 0x000000008db00000| Complete 
| 220|0x000000008dc00000, 0x000000008dd00000, 0x000000008dd00000|100%| E|CS|TAMS 0x000000008dc00000, 0x000000008dc00000| Complete 
| 221|0x000000008dd00000, 0x000000008de00000, 0x000000008de00000|100%| E|CS|TAMS 0x000000008dd00000, 0x000000008dd00000| Complete 
| 222|0x000000008de00000, 0x000000008df00000, 0x000000008df00000|100%| E|CS|TAMS 0x000000008de00000, 0x000000008de00000| Complete 
| 223|0x000000008df00000, 0x000000008e000000, 0x000000008e000000|100%| E|CS|TAMS 0x000000008df00000, 0x000000008df00000| Complete 
| 224|0x000000008e000000, 0x000000008e100000, 0x000000008e100000|100%| E|CS|TAMS 0x000000008e000000, 0x000000008e000000| Complete 
| 225|0x000000008e100000, 0x000000008e200000, 0x000000008e200000|100%| E|CS|TAMS 0x000000008e100000, 0x000000008e100000| Complete 
| 226|0x000000008e200000, 0x000000008e300000, 0x000000008e300000|100%| E|CS|TAMS 0x000000008e200000, 0x000000008e200000| Complete 
| 227|0x000000008e300000, 0x000000008e400000, 0x000000008e400000|100%| E|CS|TAMS 0x000000008e300000, 0x000000008e300000| Complete 
| 228|0x000000008e400000, 0x000000008e500000, 0x000000008e500000|100%| E|CS|TAMS 0x000000008e400000, 0x000000008e400000| Complete 
| 229|0x000000008e500000, 0x000000008e600000, 0x000000008e600000|100%| E|CS|TAMS 0x000000008e500000, 0x000000008e500000| Complete 
| 230|0x000000008e600000, 0x000000008e700000, 0x000000008e700000|100%| E|CS|TAMS 0x000000008e600000, 0x000000008e600000| Complete 
| 231|0x000000008e700000, 0x000000008e800000, 0x000000008e800000|100%| E|CS|TAMS 0x000000008e700000, 0x000000008e700000| Complete 
| 232|0x000000008e800000, 0x000000008e900000, 0x000000008e900000|100%| E|CS|TAMS 0x000000008e800000, 0x000000008e800000| Complete 
| 233|0x000000008e900000, 0x000000008ea00000, 0x000000008ea00000|100%| E|CS|TAMS 0x000000008e900000, 0x000000008e900000| Complete 
|1016|0x00000000bf800000, 0x00000000bf900000, 0x00000000bf900000|100%| E|CS|TAMS 0x00000000bf800000, 0x00000000bf800000| Complete 
|1017|0x00000000bf900000, 0x00000000bfa00000, 0x00000000bfa00000|100%| E|CS|TAMS 0x00000000bf900000, 0x00000000bf900000| Complete 
|1021|0x00000000bfd00000, 0x00000000bfe00000, 0x00000000bfe00000|100%| E|CS|TAMS 0x00000000bfd00000, 0x00000000bfd00000| Complete 

Card table byte_map: [0x0000020560bd0000,0x0000020560fd0000] _byte_map_base: 0x00000205607d0000

Marking Bits (Prev, Next): (CMBitMap*) 0x0000020547aff670, (CMBitMap*) 0x0000020547aff630
 Prev Bits: [0x00000205633d0000, 0x00000205653d0000)
 Next Bits: [0x00000205613d0000, 0x00000205633d0000)

Polling page: 0x0000020547b70000

Metaspace:

Usage:
  Non-class:     72.97 MB used.
      Class:     12.01 MB used.
       Both:     84.98 MB used.

Virtual space:
  Non-class space:      128.00 MB reserved,      73.44 MB ( 57%) committed,  2 nodes.
      Class space:      416.00 MB reserved,      12.38 MB (  3%) committed,  1 nodes.
             Both:      544.00 MB reserved,      85.81 MB ( 16%) committed. 

Chunk freelists:
   Non-Class:  6.30 MB
       Class:  3.63 MB
        Both:  9.92 MB

MaxMetaspaceSize: 512.00 MB
CompressedClassSpaceSize: 416.00 MB
Initial GC threshold: 21.00 MB
Current GC threshold: 102.75 MB
CDS: on
MetaspaceReclaimPolicy: balanced
 - commit_granule_bytes: 65536.
 - commit_granule_words: 8192.
 - virtual_space_node_default_size: 8388608.
 - enlarge_chunks_in_place: 1.
 - new_chunks_are_fully_committed: 0.
 - uncommit_free_chunks: 1.
 - use_allocation_guard: 0.
 - handle_deallocations: 1.


Internal statistics:

num_allocs_failed_limit: 6.
num_arena_births: 1126.
num_arena_deaths: 0.
num_vsnodes_births: 3.
num_vsnodes_deaths: 0.
num_space_committed: 1373.
num_space_uncommitted: 0.
num_chunks_returned_to_freelist: 6.
num_chunks_taken_from_freelist: 4825.
num_chunk_merges: 6.
num_chunk_splits: 3140.
num_chunks_enlarged: 2062.
num_inconsistent_stats: 0.

CodeHeap 'non-profiled nmethods': size=120000Kb used=5988Kb max_used=5988Kb free=114011Kb
 bounds [0x0000020558600000, 0x0000020558be0000, 0x000002055fb30000]
CodeHeap 'profiled nmethods': size=120000Kb used=17791Kb max_used=17791Kb free=102209Kb
 bounds [0x0000020550b30000, 0x0000020551ca0000, 0x0000020558060000]
CodeHeap 'non-nmethods': size=5760Kb used=2388Kb max_used=2501Kb free=3371Kb
 bounds [0x0000020558060000, 0x00000205582e0000, 0x0000020558600000]
 total_blobs=9997 nmethods=9076 adapters=833
 compilation: enabled
              stopped_count=0, restarted_count=0
 full_count=0

Compilation events (20 events):
Event: 37.912 Thread 0x00000205682f6e50 10448       1       groovy.lang.Closure::setDelegate (6 bytes)
Event: 37.912 Thread 0x00000205682f6e50 nmethod 10448 0x0000020558bd8690 code [0x0000020558bd8820, 0x0000020558bd8938]
Event: 37.912 Thread 0x00000205682f6e50 10444       3       jdk.internal.reflect.ClassFileAssembler::getMaxStack (6 bytes)
Event: 37.912 Thread 0x00000205682f6e50 nmethod 10444 0x0000020551c8c390 code [0x0000020551c8c520, 0x0000020551c8c638]
Event: 37.912 Thread 0x00000205682f6e50 10445       3       jdk.internal.loader.NativeLibraries::jniNativeLibraries (9 bytes)
Event: 37.912 Thread 0x00000205682f6e50 nmethod 10445 0x0000020551c8c710 code [0x0000020551c8c8c0, 0x0000020551c8ca48]
Event: 37.912 Thread 0x00000205682f63a0 nmethod 10449 0x0000020558bd8990 code [0x0000020558bd8b20, 0x0000020558bd8be8]
Event: 37.914 Thread 0x00000205682f63a0 10450       4       com.google.common.cache.LocalCache$Segment::scheduleRefresh (66 bytes)
Event: 37.915 Thread 0x00000205682f63a0 nmethod 10450 0x0000020558bd8d10 code [0x0000020558bd8e80, 0x0000020558bd8f58]
Event: 37.921 Thread 0x00000205682f63a0 10451       4       org.objectweb.asm.MethodWriter::visitLabel (328 bytes)
Event: 37.926 Thread 0x00000205682f6e50 10452       3       org.gradle.internal.ImmutableActionSet$SetWithFewActions::execute (38 bytes)
Event: 37.926 Thread 0x00000205682f6e50 nmethod 10452 0x0000020551c8cb10 code [0x0000020551c8ccc0, 0x0000020551c8cf68]
Event: 37.926 Thread 0x00000205682f6e50 10453       3       org.gradle.internal.metaobject.BeanDynamicObject$MetaClassAdapter::getOpaqueProperty (4 bytes)
Event: 37.926 Thread 0x00000205682f6e50 nmethod 10453 0x0000020551c8d090 code [0x0000020551c8d220, 0x0000020551c8d398]
Event: 37.926 Thread 0x00000205682f6e50 10454       3       org.gradle.api.internal.artifacts.configurations.DefaultConfiguration::extendsFrom (178 bytes)
Event: 37.928 Thread 0x00000205682f6e50 nmethod 10454 0x0000020551c8d490 code [0x0000020551c8d840, 0x0000020551c8f4a8]
Event: 37.928 Thread 0x00000205682f6e50 10455   !   3       org.gradle.internal.event.DefaultListenerManager$EventBroadcast::getBroadcaster (56 bytes)
Event: 37.928 Thread 0x00000205682f6e50 nmethod 10455 0x0000020551c8fd10 code [0x0000020551c8fec0, 0x0000020551c90308]
Event: 37.928 Thread 0x00000205682f6e50 10456       3       org.gradle.api.internal.artifacts.configurations.DefaultConfiguration_Decorated::setCanBeResolved (12 bytes)
Event: 37.928 Thread 0x00000205682f6e50 nmethod 10456 0x0000020551c90490 code [0x0000020551c90620, 0x0000020551c90768]

GC Heap History (20 events):
Event: 15.007 GC heap before
{Heap before GC invocations=25 (full 0):
 garbage-first heap   total 106496K, used 82733K [0x0000000080000000, 0x0000000100000000)
  region size 1024K, 26 young (26624K), 3 survivors (3072K)
 Metaspace       used 58216K, committed 58880K, reserved 491520K
  class space    used 8204K, committed 8512K, reserved 425984K
}
Event: 15.009 GC heap after
{Heap after GC invocations=26 (full 0):
 garbage-first heap   total 106496K, used 61043K [0x0000000080000000, 0x0000000100000000)
  region size 1024K, 3 young (3072K), 3 survivors (3072K)
 Metaspace       used 58216K, committed 58880K, reserved 491520K
  class space    used 8204K, committed 8512K, reserved 425984K
}
Event: 15.269 GC heap before
{Heap before GC invocations=26 (full 0):
 garbage-first heap   total 106496K, used 85619K [0x0000000080000000, 0x0000000100000000)
  region size 1024K, 28 young (28672K), 3 survivors (3072K)
 Metaspace       used 59546K, committed 60288K, reserved 491520K
  class space    used 8405K, committed 8768K, reserved 425984K
}
Event: 15.272 GC heap after
{Heap after GC invocations=27 (full 0):
 garbage-first heap   total 106496K, used 64429K [0x0000000080000000, 0x0000000100000000)
  region size 1024K, 4 young (4096K), 4 survivors (4096K)
 Metaspace       used 59546K, committed 60288K, reserved 491520K
  class space    used 8405K, committed 8768K, reserved 425984K
}
Event: 15.548 GC heap before
{Heap before GC invocations=28 (full 0):
 garbage-first heap   total 112640K, used 86957K [0x0000000080000000, 0x0000000100000000)
  region size 1024K, 26 young (26624K), 4 survivors (4096K)
 Metaspace       used 60754K, committed 61440K, reserved 491520K
  class space    used 8571K, committed 8896K, reserved 425984K
}
Event: 15.551 GC heap after
{Heap after GC invocations=29 (full 0):
 garbage-first heap   total 112640K, used 66420K [0x0000000080000000, 0x0000000100000000)
  region size 1024K, 2 young (2048K), 2 survivors (2048K)
 Metaspace       used 60754K, committed 61440K, reserved 491520K
  class space    used 8571K, committed 8896K, reserved 425984K
}
Event: 15.583 GC heap before
{Heap before GC invocations=29 (full 0):
 garbage-first heap   total 112640K, used 68468K [0x0000000080000000, 0x0000000100000000)
  region size 1024K, 5 young (5120K), 2 survivors (2048K)
 Metaspace       used 60925K, committed 61632K, reserved 491520K
  class space    used 8603K, committed 8960K, reserved 425984K
}
Event: 15.585 GC heap after
{Heap after GC invocations=30 (full 0):
 garbage-first heap   total 112640K, used 66030K [0x0000000080000000, 0x0000000100000000)
  region size 1024K, 1 young (1024K), 1 survivors (1024K)
 Metaspace       used 60925K, committed 61632K, reserved 491520K
  class space    used 8603K, committed 8960K, reserved 425984K
}
Event: 15.928 GC heap before
{Heap before GC invocations=30 (full 0):
 garbage-first heap   total 112640K, used 91630K [0x0000000080000000, 0x0000000100000000)
  region size 1024K, 26 young (26624K), 1 survivors (1024K)
 Metaspace       used 62400K, committed 63104K, reserved 491520K
  class space    used 8817K, committed 9152K, reserved 425984K
}
Event: 15.933 GC heap after
{Heap after GC invocations=31 (full 0):
 garbage-first heap   total 579584K, used 67886K [0x0000000080000000, 0x0000000100000000)
  region size 1024K, 3 young (3072K), 3 survivors (3072K)
 Metaspace       used 62400K, committed 63104K, reserved 491520K
  class space    used 8817K, committed 9152K, reserved 425984K
}
Event: 17.652 GC heap before
{Heap before GC invocations=32 (full 0):
 garbage-first heap   total 242688K, used 212270K [0x0000000080000000, 0x0000000100000000)
  region size 1024K, 141 young (144384K), 3 survivors (3072K)
 Metaspace       used 69632K, committed 70336K, reserved 491520K
  class space    used 9771K, committed 10112K, reserved 425984K
}
Event: 17.660 GC heap after
{Heap after GC invocations=33 (full 0):
 garbage-first heap   total 242688K, used 83854K [0x0000000080000000, 0x0000000100000000)
  region size 1024K, 14 young (14336K), 14 survivors (14336K)
 Metaspace       used 69632K, committed 70336K, reserved 491520K
  class space    used 9771K, committed 10112K, reserved 425984K
}
Event: 17.688 GC heap before
{Heap before GC invocations=33 (full 0):
 garbage-first heap   total 242688K, used 84878K [0x0000000080000000, 0x0000000100000000)
  region size 1024K, 15 young (15360K), 14 survivors (14336K)
 Metaspace       used 70293K, committed 71040K, reserved 491520K
  class space    used 9833K, committed 10176K, reserved 425984K
}
Event: 17.696 GC heap after
{Heap after GC invocations=34 (full 0):
 garbage-first heap   total 242688K, used 85089K [0x0000000080000000, 0x0000000100000000)
  region size 1024K, 2 young (2048K), 2 survivors (2048K)
 Metaspace       used 70293K, committed 71040K, reserved 491520K
  class space    used 9833K, committed 10176K, reserved 425984K
}
Event: 18.984 GC heap before
{Heap before GC invocations=34 (full 0):
 garbage-first heap   total 242688K, used 184417K [0x0000000080000000, 0x0000000100000000)
  region size 1024K, 93 young (95232K), 2 survivors (2048K)
 Metaspace       used 76636K, committed 77440K, reserved 557056K
  class space    used 10645K, committed 11008K, reserved 425984K
}
Event: 18.988 GC heap after
{Heap after GC invocations=35 (full 0):
 garbage-first heap   total 242688K, used 90613K [0x0000000080000000, 0x0000000100000000)
  region size 1024K, 7 young (7168K), 7 survivors (7168K)
 Metaspace       used 76636K, committed 77440K, reserved 557056K
  class space    used 10645K, committed 11008K, reserved 425984K
}
Event: 35.459 GC heap before
{Heap before GC invocations=35 (full 0):
 garbage-first heap   total 242688K, used 181749K [0x0000000080000000, 0x0000000100000000)
  region size 1024K, 96 young (98304K), 7 survivors (7168K)
 Metaspace       used 79950K, committed 80768K, reserved 557056K
  class space    used 11137K, committed 11520K, reserved 425984K
}
Event: 35.466 GC heap after
{Heap after GC invocations=36 (full 0):
 garbage-first heap   total 242688K, used 97011K [0x0000000080000000, 0x0000000100000000)
  region size 1024K, 6 young (6144K), 6 survivors (6144K)
 Metaspace       used 79950K, committed 80768K, reserved 557056K
  class space    used 11137K, committed 11520K, reserved 425984K
}
Event: 37.378 GC heap before
{Heap before GC invocations=36 (full 0):
 garbage-first heap   total 242688K, used 189171K [0x0000000080000000, 0x0000000100000000)
  region size 1024K, 95 young (97280K), 6 survivors (6144K)
 Metaspace       used 85753K, committed 86592K, reserved 557056K
  class space    used 12099K, committed 12480K, reserved 425984K
}
Event: 37.387 GC heap after
{Heap after GC invocations=37 (full 0):
 garbage-first heap   total 242688K, used 102131K [0x0000000080000000, 0x0000000100000000)
  region size 1024K, 11 young (11264K), 11 survivors (11264K)
 Metaspace       used 85753K, committed 86592K, reserved 557056K
  class space    used 12099K, committed 12480K, reserved 425984K
}

Deoptimization events (20 events):
Event: 37.793 Thread 0x000002056e04ef60 Uncommon trap: trap_request=0xffffffde fr.pc=0x0000020558ab1a5c relative=0x000000000000005c
Event: 37.793 Thread 0x000002056e04ef60 Uncommon trap: reason=class_check action=maybe_recompile pc=0x0000020558ab1a5c method=groovy.lang.MetaMethod.isStatic()Z @ 1 c2
Event: 37.793 Thread 0x000002056e04ef60 DEOPT PACKING pc=0x0000020558ab1a5c sp=0x00000056834785c0
Event: 37.793 Thread 0x000002056e04ef60 DEOPT UNPACKING pc=0x00000205580b23a3 sp=0x0000005683478548 mode 2
Event: 37.795 Thread 0x000002056e04ef60 Uncommon trap: trap_request=0xffffffde fr.pc=0x0000020558ab1a5c relative=0x000000000000005c
Event: 37.795 Thread 0x000002056e04ef60 Uncommon trap: reason=class_check action=maybe_recompile pc=0x0000020558ab1a5c method=groovy.lang.MetaMethod.isStatic()Z @ 1 c2
Event: 37.795 Thread 0x000002056e04ef60 DEOPT PACKING pc=0x0000020558ab1a5c sp=0x00000056834785c0
Event: 37.795 Thread 0x000002056e04ef60 DEOPT UNPACKING pc=0x00000205580b23a3 sp=0x0000005683478548 mode 2
Event: 37.814 Thread 0x000002056e04ef60 Uncommon trap: trap_request=0xffffff45 fr.pc=0x0000020558b1048c relative=0x000000000000534c
Event: 37.814 Thread 0x000002056e04ef60 Uncommon trap: reason=unstable_if action=reinterpret pc=0x0000020558b1048c method=java.lang.PublicMethods$MethodList.getMostSpecific()Ljava/lang/reflect/Method; @ 35 c2
Event: 37.814 Thread 0x000002056e04ef60 DEOPT PACKING pc=0x0000020558b1048c sp=0x0000005683473860
Event: 37.814 Thread 0x000002056e04ef60 DEOPT UNPACKING pc=0x00000205580b23a3 sp=0x0000005683473700 mode 2
Event: 37.814 Thread 0x000002056e04ef60 Uncommon trap: trap_request=0xffffff45 fr.pc=0x000002055892ddac relative=0x0000000000005f4c
Event: 37.814 Thread 0x000002056e04ef60 Uncommon trap: reason=unstable_if action=reinterpret pc=0x000002055892ddac method=java.lang.PublicMethods$MethodList.getMostSpecific()Ljava/lang/reflect/Method; @ 35 c2
Event: 37.814 Thread 0x000002056e04ef60 DEOPT PACKING pc=0x000002055892ddac sp=0x0000005683473790
Event: 37.814 Thread 0x000002056e04ef60 DEOPT UNPACKING pc=0x00000205580b23a3 sp=0x00000056834736e8 mode 2
Event: 37.814 Thread 0x000002056e04ef60 Uncommon trap: trap_request=0xffffff45 fr.pc=0x00000205586d3a04 relative=0x0000000000000164
Event: 37.814 Thread 0x000002056e04ef60 Uncommon trap: reason=unstable_if action=reinterpret pc=0x00000205586d3a04 method=java.lang.PublicMethods$MethodList.getMostSpecific()Ljava/lang/reflect/Method; @ 35 c2
Event: 37.814 Thread 0x000002056e04ef60 DEOPT PACKING pc=0x00000205586d3a04 sp=0x00000056834737d0
Event: 37.814 Thread 0x000002056e04ef60 DEOPT UNPACKING pc=0x00000205580b23a3 sp=0x00000056834736e8 mode 2

Classes unloaded (0 events):
No events

Classes redefined (0 events):
No events

Internal exceptions (20 events):
Event: 37.817 Thread 0x000002056e04ef60 Exception <a 'java/lang/ClassNotFoundException'{0x000000008d2b2958}: com/android/build/gradle/internal/dsl/PackagingOptionsBeanInfo> (0x000000008d2b2958) 
thrown [s\open\src\hotspot\share\classfile\systemDictionary.cpp, line 256]
Event: 37.818 Thread 0x000002056e04ef60 Exception <a 'java/lang/ClassNotFoundException'{0x000000008d2c1930}: com/android/build/gradle/internal/dsl/PackagingOptionsCustomizer> (0x000000008d2c1930) 
thrown [s\open\src\hotspot\share\classfile\systemDictionary.cpp, line 256]
Event: 37.819 Thread 0x000002056e04ef60 Exception <a 'java/lang/ClassNotFoundException'{0x000000008d2d9008}: com/android/build/gradle/internal/dsl/PackagingOptions$AgpDecoratedCustomizer> (0x000000008d2d9008) 
thrown [s\open\src\hotspot\share\classfile\systemDictionary.cpp, line 256]
Event: 37.822 Thread 0x000002056e04ef60 Exception <a 'java/lang/ClassNotFoundException'{0x000000008d2fd740}: com/android/build/gradle/internal/dsl/PackagingOptions$AgpDecorated_DecoratedCustomizer> (0x000000008d2fd740) 
thrown [s\open\src\hotspot\share\classfile\systemDictionary.cpp, line 256]
Event: 37.834 Thread 0x000002056e04ef60 Exception <a 'java/lang/ClassNotFoundException'{0x000000008d198258}: io/invertase/gradle/common/UtilitiesBeanInfo> (0x000000008d198258) 
thrown [s\open\src\hotspot\share\classfile\systemDictionary.cpp, line 256]
Event: 37.834 Thread 0x000002056e04ef60 Exception <a 'java/lang/ClassNotFoundException'{0x000000008d1a6038}: io/invertase/gradle/common/UtilitiesCustomizer> (0x000000008d1a6038) 
thrown [s\open\src\hotspot\share\classfile\systemDictionary.cpp, line 256]
Event: 37.837 Thread 0x000002056e04ef60 Exception <a 'java/lang/ClassNotFoundException'{0x000000008d1d9398}: org/gradle/util/GradleVersionBeanInfo> (0x000000008d1d9398) 
thrown [s\open\src\hotspot\share\classfile\systemDictionary.cpp, line 256]
Event: 37.839 Thread 0x000002056e04ef60 Exception <a 'java/lang/ClassNotFoundException'{0x000000008d1ee6e8}: org/gradle/util/GradleVersionCustomizer> (0x000000008d1ee6e8) 
thrown [s\open\src\hotspot\share\classfile\systemDictionary.cpp, line 256]
Event: 37.843 Thread 0x000002056e04ef60 Exception <a 'java/lang/ClassNotFoundException'{0x000000008d032280}: org/gradle/util/internal/DefaultGradleVersionBeanInfo> (0x000000008d032280) 
thrown [s\open\src\hotspot\share\classfile\systemDictionary.cpp, line 256]
Event: 37.844 Thread 0x000002056e04ef60 Exception <a 'java/lang/ClassNotFoundException'{0x000000008d047bf0}: org/gradle/util/internal/DefaultGradleVersionCustomizer> (0x000000008d047bf0) 
thrown [s\open\src\hotspot\share\classfile\systemDictionary.cpp, line 256]
Event: 37.857 Thread 0x000002056e04ef60 Exception <a 'java/lang/ClassNotFoundException'{0x000000008cf1a2d8}: org/gradle/api/internal/artifacts/repositories/DefaultMavenArtifactRepository_DecoratedBeanInfo> (0x000000008cf1a2d8) 
thrown [s\open\src\hotspot\share\classfile\systemDictionary.cpp, line 256]
Event: 37.858 Thread 0x000002056e04ef60 Exception <a 'java/lang/ClassNotFoundException'{0x000000008cf33208}: org/gradle/api/internal/artifacts/repositories/DefaultMavenArtifactRepositoryBeanInfo> (0x000000008cf33208) 
thrown [s\open\src\hotspot\share\classfile\systemDictionary.cpp, line 256]
Event: 37.859 Thread 0x000002056e04ef60 Exception <a 'java/lang/ClassNotFoundException'{0x000000008cf4c590}: org/gradle/api/internal/artifacts/repositories/AbstractAuthenticationSupportedRepositoryBeanInfo> (0x000000008cf4c590) 
thrown [s\open\src\hotspot\share\classfile\systemDictionary.cpp, line 256]
Event: 37.862 Thread 0x000002056e04ef60 Exception <a 'java/lang/ClassNotFoundException'{0x000000008cf663c8}: org/gradle/api/internal/artifacts/repositories/AbstractResolutionAwareArtifactRepositoryBeanInfo> (0x000000008cf663c8) 
thrown [s\open\src\hotspot\share\classfile\systemDictionary.cpp, line 256]
Event: 37.864 Thread 0x000002056e04ef60 Exception <a 'java/lang/ClassNotFoundException'{0x000000008cf80558}: org/gradle/api/internal/artifacts/repositories/AbstractArtifactRepositoryBeanInfo> (0x000000008cf80558) 
thrown [s\open\src\hotspot\share\classfile\systemDictionary.cpp, line 256]
Event: 37.865 Thread 0x000002056e04ef60 Exception <a 'java/lang/ClassNotFoundException'{0x000000008cf9a698}: org/gradle/api/internal/artifacts/repositories/AbstractArtifactRepositoryCustomizer> (0x000000008cf9a698) 
thrown [s\open\src\hotspot\share\classfile\systemDictionary.cpp, line 256]
Event: 37.867 Thread 0x000002056e04ef60 Exception <a 'java/lang/ClassNotFoundException'{0x000000008cfce880}: org/gradle/api/internal/artifacts/repositories/AbstractResolutionAwareArtifactRepositoryCustomizer> (0x000000008cfce880) 
thrown [s\open\src\hotspot\share\classfile\systemDictionary.cpp, line 256]
Event: 37.869 Thread 0x000002056e04ef60 Exception <a 'java/lang/ClassNotFoundException'{0x000000008cff0c28}: org/gradle/api/internal/artifacts/repositories/AbstractAuthenticationSupportedRepositoryCustomizer> (0x000000008cff0c28) 
thrown [s\open\src\hotspot\share\classfile\systemDictionary.cpp, line 256]
Event: 37.871 Thread 0x000002056e04ef60 Exception <a 'java/lang/ClassNotFoundException'{0x000000008ce1cb28}: org/gradle/api/internal/artifacts/repositories/DefaultMavenArtifactRepositoryCustomizer> (0x000000008ce1cb28) 
thrown [s\open\src\hotspot\share\classfile\systemDictionary.cpp, line 256]
Event: 37.872 Thread 0x000002056e04ef60 Exception <a 'java/lang/ClassNotFoundException'{0x000000008ce4e4d0}: org/gradle/api/internal/artifacts/repositories/DefaultMavenArtifactRepository_DecoratedCustomizer> (0x000000008ce4e4d0) 
thrown [s\open\src\hotspot\share\classfile\systemDictionary.cpp, line 256]

VM Operations (20 events):
Event: 35.150 Executing VM operation: HandshakeAllThreads
Event: 35.150 Executing VM operation: HandshakeAllThreads done
Event: 35.226 Executing VM operation: HandshakeAllThreads
Event: 35.227 Executing VM operation: HandshakeAllThreads done
Event: 35.459 Executing VM operation: G1CollectForAllocation
Event: 35.466 Executing VM operation: G1CollectForAllocation done
Event: 36.477 Executing VM operation: Cleanup
Event: 36.477 Executing VM operation: Cleanup done
Event: 37.312 Executing VM operation: ICBufferFull
Event: 37.313 Executing VM operation: ICBufferFull done
Event: 37.378 Executing VM operation: G1CollectForAllocation
Event: 37.388 Executing VM operation: G1CollectForAllocation done
Event: 37.694 Executing VM operation: HandshakeAllThreads
Event: 37.694 Executing VM operation: HandshakeAllThreads done
Event: 37.697 Executing VM operation: HandshakeAllThreads
Event: 37.697 Executing VM operation: HandshakeAllThreads done
Event: 37.704 Executing VM operation: HandshakeAllThreads
Event: 37.704 Executing VM operation: HandshakeAllThreads done
Event: 37.713 Executing VM operation: HandshakeAllThreads
Event: 37.713 Executing VM operation: HandshakeAllThreads done

Events (20 events):
Event: 37.712 loading class java/io/LineNumberReader done
Event: 37.796 loading class java/lang/IntegerBeanInfo
Event: 37.796 loading class java/lang/IntegerBeanInfo done
Event: 37.796 loading class java/lang/IntegerBeanInfo
Event: 37.796 loading class java/lang/IntegerBeanInfo done
Event: 37.796 loading class java/lang/NumberBeanInfo
Event: 37.796 loading class java/lang/NumberBeanInfo done
Event: 37.797 loading class java/lang/NumberBeanInfo
Event: 37.797 loading class java/lang/NumberBeanInfo done
Event: 37.797 loading class java/lang/NumberCustomizer
Event: 37.797 loading class java/lang/NumberCustomizer done
Event: 37.797 loading class java/lang/NumberCustomizer
Event: 37.797 loading class java/lang/NumberCustomizer done
Event: 37.797 loading class java/lang/IntegerCustomizer
Event: 37.797 loading class java/lang/IntegerCustomizer done
Event: 37.798 loading class java/lang/IntegerCustomizer
Event: 37.799 loading class java/lang/IntegerCustomizer done
Event: 37.800 loading class jdk/internal/ValueBased
Event: 37.800 loading class jdk/internal/ValueBased done
Event: 37.826 Thread 0x0000020571b8de80 Thread exited: 0x0000020571b8de80


Dynamic libraries:
0x00007ff7f08c0000 - 0x00007ff7f08d0000 	C:\Program Files\Java\jdk-17\bin\java.exe
0x00007fff91030000 - 0x00007fff91225000 	C:\Windows\SYSTEM32\ntdll.dll
0x00007fff90ae0000 - 0x00007fff90b9d000 	C:\Windows\System32\KERNEL32.DLL
0x00007fff8eb20000 - 0x00007fff8ede9000 	C:\Windows\System32\KERNELBASE.dll
0x00007fff8eea0000 - 0x00007fff8efa0000 	C:\Windows\System32\ucrtbase.dll
0x00007fff79e20000 - 0x00007fff79e3b000 	C:\Program Files\Java\jdk-17\bin\VCRUNTIME140.dll
0x00007fff79ff0000 - 0x00007fff7a009000 	C:\Program Files\Java\jdk-17\bin\jli.dll
0x00007fff90da0000 - 0x00007fff90e4c000 	C:\Windows\System32\ADVAPI32.dll
0x00007fff90a40000 - 0x00007fff90ade000 	C:\Windows\System32\msvcrt.dll
0x00007fff904a0000 - 0x00007fff9053b000 	C:\Windows\System32\sechost.dll
0x00007fff90c70000 - 0x00007fff90d9a000 	C:\Windows\System32\RPCRT4.dll
0x00007fff8fde0000 - 0x00007fff8ff80000 	C:\Windows\System32\USER32.dll
0x00007fff8f070000 - 0x00007fff8f092000 	C:\Windows\System32\win32u.dll
0x00007fff71130000 - 0x00007fff713ca000 	C:\Windows\WinSxS\amd64_microsoft.windows.common-controls_6595b64144ccf1df_6.0.19041.1083_none_60bbe31371f34e71\COMCTL32.dll
0x00007fff90fc0000 - 0x00007fff90fea000 	C:\Windows\System32\GDI32.dll
0x00007fff8e960000 - 0x00007fff8ea6b000 	C:\Windows\System32\gdi32full.dll
0x00007fff8efa0000 - 0x00007fff8f03d000 	C:\Windows\System32\msvcp_win.dll
0x00007fff88670000 - 0x00007fff8867a000 	C:\Windows\SYSTEM32\VERSION.dll
0x00007fff90a10000 - 0x00007fff90a40000 	C:\Windows\System32\IMM32.DLL
0x00007fff87d50000 - 0x00007fff87d5c000 	C:\Program Files\Java\jdk-17\bin\vcruntime140_1.dll
0x00007fff6d150000 - 0x00007fff6d1de000 	C:\Program Files\Java\jdk-17\bin\msvcp140.dll
0x00007fff1ba30000 - 0x00007fff1c610000 	C:\Program Files\Java\jdk-17\bin\server\jvm.dll
0x00007fff90f50000 - 0x00007fff90f58000 	C:\Windows\System32\PSAPI.DLL
0x00007fff6ce60000 - 0x00007fff6ce87000 	C:\Windows\SYSTEM32\WINMM.dll
0x00007fff7e680000 - 0x00007fff7e689000 	C:\Windows\SYSTEM32\WSOCK32.dll
0x00007fff8f910000 - 0x00007fff8f97b000 	C:\Windows\System32\WS2_32.dll
0x00007fff8d050000 - 0x00007fff8d062000 	C:\Windows\SYSTEM32\kernel.appcore.dll
0x00007fff87bb0000 - 0x00007fff87bba000 	C:\Program Files\Java\jdk-17\bin\jimage.dll
0x00007fff8cbc0000 - 0x00007fff8cda4000 	C:\Windows\SYSTEM32\DBGHELP.DLL
0x00007fff86c50000 - 0x00007fff86c7c000 	C:\Windows\SYSTEM32\dbgcore.DLL
0x00007fff8e8d0000 - 0x00007fff8e953000 	C:\Windows\System32\bcryptPrimitives.dll
0x00007fff85430000 - 0x00007fff8543e000 	C:\Program Files\Java\jdk-17\bin\instrument.dll
0x00007fff77bb0000 - 0x00007fff77bd5000 	C:\Program Files\Java\jdk-17\bin\java.dll
0x00007fff66250000 - 0x00007fff66327000 	C:\Program Files\Java\jdk-17\bin\jsvml.dll
0x00007fff8f0a0000 - 0x00007fff8f7df000 	C:\Windows\System32\SHELL32.dll
0x00007fff8c350000 - 0x00007fff8cae1000 	C:\Windows\SYSTEM32\windows.storage.dll
0x00007fff8fa80000 - 0x00007fff8fdd5000 	C:\Windows\System32\combase.dll
0x00007fff8e110000 - 0x00007fff8e13c000 	C:\Windows\SYSTEM32\Wldp.dll
0x00007fff90190000 - 0x00007fff9023e000 	C:\Windows\System32\SHCORE.dll
0x00007fff90130000 - 0x00007fff90185000 	C:\Windows\System32\shlwapi.dll
0x00007fff8e6b0000 - 0x00007fff8e6cf000 	C:\Windows\SYSTEM32\profapi.dll
0x00007fff76680000 - 0x00007fff76698000 	C:\Program Files\Java\jdk-17\bin\zip.dll
0x00007fff773a0000 - 0x00007fff773b9000 	C:\Program Files\Java\jdk-17\bin\net.dll
0x00007fff86d80000 - 0x00007fff86e8a000 	C:\Windows\SYSTEM32\WINHTTP.dll
0x0000000180000000 - 0x000000018008c000 	C:\Windows\system32\ASProxy64.dll
0x00007fff8f7e0000 - 0x00007fff8f90a000 	C:\Windows\System32\ole32.dll
0x00007fff90ba0000 - 0x00007fff90c6d000 	C:\Windows\System32\OLEAUT32.dll
0x00007fff8de70000 - 0x00007fff8deda000 	C:\Windows\SYSTEM32\MSWSOCK.dll
0x00007fff8db60000 - 0x00007fff8db9b000 	C:\Windows\SYSTEM32\IPHLPAPI.DLL
0x00007fff8e630000 - 0x00007fff8e661000 	C:\Windows\SYSTEM32\SspiCli.dll
0x00007fff771a0000 - 0x00007fff771b6000 	C:\Program Files\Java\jdk-17\bin\nio.dll
0x00007fff8b340000 - 0x00007fff8b3de000 	C:\Windows\system32\uxtheme.dll
0x00007fff85fb0000 - 0x00007fff85fc0000 	C:\Program Files\Java\jdk-17\bin\verify.dll
0x00007fff7aa40000 - 0x00007fff7aa67000 	C:\Users\alex\.gradle\native\68d5fa5c4cc2d200863cafc0d521ce42e7d3e7ee720ec0a83991735586a16f82\windows-amd64\native-platform.dll
0x00007fff242f0000 - 0x00007fff24434000 	C:\Users\alex\.gradle\native\e376f236ea51e6404a007f0833ffe2c6e607c4080706a723a18a27aeea778392\windows-amd64\native-platform-file-events.dll
0x00007fff87a40000 - 0x00007fff87a4a000 	C:\Program Files\Java\jdk-17\bin\management.dll
0x00007fff87220000 - 0x00007fff8722b000 	C:\Program Files\Java\jdk-17\bin\management_ext.dll
0x00007fff8e060000 - 0x00007fff8e078000 	C:\Windows\SYSTEM32\CRYPTSP.dll
0x00007fff8d810000 - 0x00007fff8d844000 	C:\Windows\system32\rsaenh.dll
0x00007fff8f040000 - 0x00007fff8f067000 	C:\Windows\System32\bcrypt.dll
0x00007fff8e670000 - 0x00007fff8e69e000 	C:\Windows\SYSTEM32\USERENV.dll
0x00007fff8e050000 - 0x00007fff8e05c000 	C:\Windows\SYSTEM32\CRYPTBASE.dll
0x00007fff90f40000 - 0x00007fff90f48000 	C:\Windows\System32\NSI.dll
0x00007fff886a0000 - 0x00007fff886b7000 	C:\Windows\SYSTEM32\dhcpcsvc6.DLL
0x00007fff88680000 - 0x00007fff8869d000 	C:\Windows\SYSTEM32\dhcpcsvc.DLL
0x00007fff8dba0000 - 0x00007fff8dc6c000 	C:\Windows\SYSTEM32\DNSAPI.dll
0x00007fff853b0000 - 0x00007fff853be000 	C:\Program Files\Java\jdk-17\bin\sunmscapi.dll
0x00007fff8e770000 - 0x00007fff8e8cf000 	C:\Windows\System32\CRYPT32.dll
0x00007fff8e180000 - 0x00007fff8e1a7000 	C:\Windows\SYSTEM32\ncrypt.dll
0x00007fff8e140000 - 0x00007fff8e17b000 	C:\Windows\SYSTEM32\NTASN1.dll
0x00007fff7d520000 - 0x00007fff7d527000 	C:\Windows\system32\wshunix.dll
0x00007fff72b60000 - 0x00007fff72b77000 	C:\Windows\system32\napinsp.dll
0x00007fff72b80000 - 0x00007fff72b9b000 	C:\Windows\system32\pnrpnsp.dll
0x00007fff72ba0000 - 0x00007fff72bb5000 	C:\Windows\system32\wshbth.dll
0x00007fff89d60000 - 0x00007fff89d7d000 	C:\Windows\system32\NLAapi.dll
0x00007fff72fd0000 - 0x00007fff72fe2000 	C:\Windows\System32\winrnr.dll
0x00007fff85600000 - 0x00007fff8560a000 	C:\Windows\System32\rasadhlp.dll
0x00007fff84d90000 - 0x00007fff84e0f000 	C:\Windows\System32\fwpuclnt.dll

dbghelp: loaded successfully - version: 4.0.5 - missing functions: none
symbol engine: initialized successfully - sym options: 0x614 - pdb path: .;C:\Program Files\Java\jdk-17\bin;C:\Windows\SYSTEM32;C:\Windows\WinSxS\amd64_microsoft.windows.common-controls_6595b64144ccf1df_6.0.19041.1083_none_60bbe31371f34e71;C:\Program Files\Java\jdk-17\bin\server;C:\Users\alex\.gradle\native\68d5fa5c4cc2d200863cafc0d521ce42e7d3e7ee720ec0a83991735586a16f82\windows-amd64;C:\Users\alex\.gradle\native\e376f236ea51e6404a007f0833ffe2c6e607c4080706a723a18a27aeea778392\windows-amd64

VM Arguments:
jvm_args: -XX:MaxMetaspaceSize=512m --add-opens=java.base/java.util=ALL-UNNAMED --add-opens=java.base/java.lang=ALL-UNNAMED --add-opens=java.base/java.lang.invoke=ALL-UNNAMED --add-opens=java.prefs/java.util.prefs=ALL-UNNAMED --add-opens=java.base/java.nio.charset=ALL-UNNAMED --add-opens=java.base/java.net=ALL-UNNAMED --add-opens=java.base/java.util.concurrent.atomic=ALL-UNNAMED -Xmx2048m -Dfile.encoding=windows-1251 -Duser.country=US -Duser.language=en -Duser.variant -javaagent:C:\Users\alex\.gradle\wrapper\dists\gradle-8.3-all\6en3ugtfdg5xnpx44z4qbwgas\gradle-8.3\lib\agents\gradle-instrumentation-agent-8.3.jar 
java_command: org.gradle.launcher.daemon.bootstrap.GradleDaemon 8.3
java_class_path (initial): C:\Users\alex\.gradle\wrapper\dists\gradle-8.3-all\6en3ugtfdg5xnpx44z4qbwgas\gradle-8.3\lib\gradle-launcher-8.3.jar
Launcher Type: SUN_STANDARD

[Global flags]
     intx CICompilerCount                          = 4                                         {product} {ergonomic}
   size_t CompressedClassSpaceSize                 = 436207616                                 {product} {ergonomic}
     uint ConcGCThreads                            = 3                                         {product} {ergonomic}
     uint G1ConcRefinementThreads                  = 10                                        {product} {ergonomic}
   size_t G1HeapRegionSize                         = 1048576                                   {product} {ergonomic}
    uintx GCDrainStackTargetSize                   = 64                                        {product} {ergonomic}
   size_t InitialHeapSize                          = 1071644672                                {product} {ergonomic}
   size_t MarkStackSize                            = 4194304                                   {product} {ergonomic}
   size_t MaxHeapSize                              = 2147483648                                {product} {command line}
   size_t MaxMetaspaceSize                         = 536870912                                 {product} {command line}
   size_t MaxNewSize                               = 1287651328                                {product} {ergonomic}
   size_t MinHeapDeltaBytes                        = 1048576                                   {product} {ergonomic}
   size_t MinHeapSize                              = 8388608                                   {product} {ergonomic}
    uintx NonNMethodCodeHeapSize                   = 5839372                                {pd product} {ergonomic}
    uintx NonProfiledCodeHeapSize                  = 122909434                              {pd product} {ergonomic}
    uintx ProfiledCodeHeapSize                     = 122909434                              {pd product} {ergonomic}
    uintx ReservedCodeCacheSize                    = 251658240                              {pd product} {ergonomic}
     bool SegmentedCodeCache                       = true                                      {product} {ergonomic}
   size_t SoftMaxHeapSize                          = 2147483648                             {manageable} {ergonomic}
     bool UseCompressedClassPointers               = true                           {product lp64_product} {ergonomic}
     bool UseCompressedOops                        = true                           {product lp64_product} {ergonomic}
     bool UseG1GC                                  = true                                      {product} {ergonomic}
     bool UseLargePagesIndividualAllocation        = false                                  {pd product} {ergonomic}

Logging:
Log output configuration:
 #0: stdout all=warning uptime,level,tags
 #1: stderr all=off uptime,level,tags

Environment Variables:
JAVA_HOME=C:\Program Files\Java\jdk-17
CLASSPATH=D:\alex\book_smart_industry\android\\gradle\wrapper\gradle-wrapper.jar
PATH=D:\alex\book_smart_industry\node_modules\.bin;D:\alex\book_smart_industry\node_modules\.bin;D:\alex\node_modules\.bin;D:\node_modules\.bin;C:\Users\satan\AppData\Local\nvm\v18.18.0\node_modules\npm\node_modules\@npmcli\run-script\lib\node-gyp-bin;C:\Users\alex\AppData\Local\Temp\yarn--1753411944292-0.31094247289418453;D:\alex\book_smart_industry\node_modules\.bin;C:\Users\alex\AppData\Local\Yarn\Data\link\node_modules\.bin;C:\Users\alex\AppData\Local\Yarn\bin;C:\nvm_nova\libexec\lib\node_modules\npm\bin\node-gyp-bin;C:\nvm_nova\lib\node_modules\npm\bin\node-gyp-bin;C:\nvm_nova\nodejs\node_modules\npm\bin\node-gyp-bin;c:\Users\alex\AppData\Local\Programs\cursor\resources\app\bin;C:\Program Files\PlasticSCM5\server;C:\Program Files\PlasticSCM5\client;C:\Windows\system32;C:\Windows;C:\Windows\System32\Wbem;C:\Windows\System32\WindowsPowerShell\v1.0\;C:\Windows\System32\OpenSSH\;C:\ProgramData\chocolatey\bin;C:\Program Files\Java\jdk-17\bin;C:\Program Files\Bandizip\;D:\k\flutter_windows_3.29.0-stable\flutter\bin;C:\ProgramData\ComposerSetup\bin;c:\Users\alex\AppData\Local\Programs\cursor\resources\app\bin;C:\Users\alex\AppData\Local\Android\Sdk\platform-tools;C:\Users\alex\AppData\Local\Android\Sdk\tools;C:\Users\alex\AppData\Local\Android\Sdk\tools\bin;C:\Users\root\AppData\Local\Microsoft\WindowsApps;C:\Program Files\Git\cmd;C:\Users\vasilisk\AppData\Local\nvm;C:\nvm_nova\nodejs;D:\satan\xampp_8.2.12\php;C:\Users\YourUsername\AppData\Local\Programs\Microsoft VS Code\bin;C:\Users\alex\AppData\Local\Android\Sdk\emulator;C:\Users\alex\AppData\Local\Programs\Python\Python312\Scripts\;C:\Users\alex\AppData\Local\Programs\Python\Python312\;C:\Users\alex\AppData\Local\Programs\Python\Launcher\;C:\Users\alex\AppData\Local\Android\Sdk\platform-tools;C:\Users\alex\AppData\Local\Android\Sdk\tools;C:\Users\alex\AppData\Local\Microsoft\WindowsApps;C:\Users\alex\AppData\Local\Programs\Git\cmd;C:\Users\alex\AppData\Local\Programs\Microsoft VS Code\bin;C:\Users\alex\AppData\Roamin
USERNAME=alex
LANG=en_US.UTF-8
OS=Windows_NT
PROCESSOR_IDENTIFIER=Intel64 Family 6 Model 158 Stepping 10, GenuineIntel



---------------  S Y S T E M  ---------------

OS:
 Windows 10 , 64 bit Build 19041 (10.0.19041.1023)
OS uptime: 24 days 11:01 hours

CPU: total 12 (initial active 12) (6 cores per cpu, 2 threads per core) family 6 model 158 stepping 10 microcode 0xb4, cx8, cmov, fxsr, ht, mmx, 3dnowpref, sse, sse2, sse3, ssse3, sse4.1, sse4.2, popcnt, lzcnt, tsc, tscinvbit, avx, avx2, aes, erms, clmul, bmi1, bmi2, rtm, adx, fma, vzeroupper, clflush, clflushopt

Memory: 4k page, system-wide physical 65406M (28092M free)
TotalPageFile size 69406M (AvailPageFile size 4M)
current process WorkingSet (physical memory assigned to process): 496M, peak: 502M
current process commit charge ("private bytes"): 543M, peak: 1267M

vm_info: Java HotSpot(TM) 64-Bit Server VM (17.0.12+8-LTS-286) for windows-amd64 JRE (17.0.12+8-LTS-286), built on Jun  5 2024 06:46:59 by "mach5one" with MS VC++ 17.6 (VS2022)

END.
